F:\memsic\svn\DMU380\software\RtosSalvo\Gfx\Salvo.ico
F:\memsic\svn\DMU380\software\RtosSalvo\Inc\IARARM
F:\memsic\svn\DMU380\software\RtosSalvo\Inc\IARARM\salvoportiararm.h
F:\memsic\svn\DMU380\software\RtosSalvo\Inc\IARARM
F:\memsic\svn\DMU380\software\RtosSalvo\Inc
F:\memsic\svn\DMU380\software\RtosSalvo\Src\IARARM
F:\memsic\svn\DMU380\software\RtosSalvo\Src\IARARM\salvohook_interrupt_IRQ.c
F:\memsic\svn\DMU380\software\RtosSalvo\Src\IARARM\salvohook_idle.c
F:\memsic\svn\DMU380\software\RtosSalvo\Src\IARARM\salvohook_wdt.c
F:\memsic\svn\DMU380\software\RtosSalvo\Src\IARARM
F:\memsic\svn\DMU380\software\RtosSalvo\Src
F:\memsic\svn\DMU380\software\RtosSalvo\Lib\IARARM-v5
F:\memsic\svn\DMU380\software\RtosSalvo\Lib\IARARM-v5\libsalvofiararm4bai-t.a
F:\memsic\svn\DMU380\software\RtosSalvo\Lib\IARARM-v5\libsalvofiararm4lai-t.a
F:\memsic\svn\DMU380\software\RtosSalvo\Lib\IARARM-v5\libsalvofiararm4bti-t.a
F:\memsic\svn\DMU380\software\RtosSalvo\Lib\IARARM-v5\libsalvofiararm4lti-t.a
F:\memsic\svn\DMU380\software\RtosSalvo\Lib\IARARM-v5
F:\memsic\svn\DMU380\software\RtosSalvo\Lib\IARARM-v5\libsalvofiararm4bai-t.a
F:\memsic\svn\DMU380\software\RtosSalvo\Lib\IARARM-v5\libsalvofiararm4lai-t.a
F:\memsic\svn\DMU380\software\RtosSalvo\Lib\IARARM-v5\libsalvofiararm4bti-t.a
F:\memsic\svn\DMU380\software\RtosSalvo\Lib\IARARM-v5\libsalvofiararm4lti-t.a
F:\memsic\svn\DMU380\software\RtosSalvo\Lib\IARARM
F:\memsic\svn\DMU380\software\RtosSalvo\Lib
F:\memsic\svn\DMU380\software\RtosSalvo\Example\ARM\Atmel_AT91SAM7S\Atmel_AT91SAM7S-EK
F:\memsic\svn\DMU380\software\RtosSalvo\Example\ARM\Atmel_AT91SAM7S\Atmel_AT91SAM7S-EK\Rowley_CSARM\Tut\Tut5
F:\memsic\svn\DMU380\software\RtosSalvo\Example\ARM\Atmel_AT91SAM7S\Atmel_AT91SAM7S-EK\Rowley_CSARM\Tut\Tut5\Lite
F:\memsic\svn\DMU380\software\RtosSalvo\Example\ARM\ARM7TDMI_Core\Simulator\Tut\Tut5\IARARM
F:\memsic\svn\DMU380\software\RtosSalvo\Example\ARM\ARM7TDMI_Core\Simulator\Tut\Tut5\IARARM\ARM7TDMI_Core\Simulator\Tut\Tut5\IARARM\tut5.c
F:\memsic\svn\DMU380\software\RtosSalvo\Example\ARM\ARM7TDMI_Core\Simulator\Tut\Tut5\IARARM\ARM7TDMI_Core\Simulator\Tut\Tut5\IARARM\tut5.eww
F:\memsic\svn\DMU380\software\RtosSalvo\Example\ARM\ARM7TDMI_Core\Simulator\Tut\Tut5\IARARM\ARM7TDMI_Core\Simulator\Tut\Tut5\IARARM\readme.txt
F:\memsic\svn\DMU380\software\RtosSalvo\Example\ARM\ARM7TDMI_Core\Simulator\Tut\Tut5\IARARM\ARM7TDMI_Core\Simulator\Tut\Tut5\IARARM\newforSalvo4.txt
F:\memsic\svn\DMU380\software\RtosSalvo\Example\ARM\ARM7TDMI_Core\Simulator\Tut\Tut5\IARARM\Lite
F:\memsic\svn\DMU380\software\RtosSalvo\Example\ARM\ARM7TDMI_Core\Simulator\Tut\Tut5\IARARM\Lite\ARM7TDMI_Core\Simulator\Tut\Tut5\IARARM\Lite\salvocfg.h
F:\memsic\svn\DMU380\software\RtosSalvo\Example\ARM\ARM7TDMI_Core\Simulator\Tut\Tut5\IARARM\Lite\ARM7TDMI_Core\Simulator\Tut\Tut5\IARARM\Lite\C\tut5lite.dep
F:\memsic\svn\DMU380\software\RtosSalvo\Example\ARM\ARM7TDMI_Core\Simulator\Tut\Tut5\IARARM\Lite\ARM7TDMI_Core\Simulator\Tut\Tut5\IARARM\Lite\C\tut5lite.ewp
F:\memsic\svn\DMU380\software\RtosSalvo\Example\ARM\ARM7TDMI_Core\Simulator\Tut\Tut5\IARARM\Lite\settings
F:\memsic\svn\DMU380\software\RtosSalvo\Example\ARM\ARM7TDMI_Core\Simulator\Tut\Tut5\IARARM\Lite\settings\ARM7TDMI_Core\Simulator\Tut\Tut5\IARARM\Lite\settings\C\tut5lite.cspy.bat
F:\memsic\svn\DMU380\software\RtosSalvo\Example\ARM\ARM7TDMI_Core\Simulator\Tut\Tut5\IARARM\Lite\settings\ARM7TDMI_Core\Simulator\Tut\Tut5\IARARM\Lite\settings\C\tut5lite.dbgdt
F:\memsic\svn\DMU380\software\RtosSalvo\Example\ARM\ARM7TDMI_Core\Simulator\Tut\Tut5\IARARM\Lite\settings\ARM7TDMI_Core\Simulator\Tut\Tut5\IARARM\Lite\settings\C\tut5lite.dni
F:\memsic\svn\DMU380\software\RtosSalvo\Example\ARM\Atmel_AT91SAM7S\Atmel_AT91SAM7S-EK
F:\memsic\svn\DMU380\software\RtosSalvo\Example\ARM\Atmel_AT91SAM7S\Atmel_AT91SAM7S-EK\Atmel_AT91SAM7S\Atmel_AT91SAM7S-EK\Board.h
F:\memsic\svn\DMU380\software\RtosSalvo\Example\ARM\Atmel_AT91SAM7S\Atmel_AT91SAM7S-EK\Tut
F:\memsic\svn\DMU380\software\RtosSalvo\Example\ARM\Atmel_AT91SAM7S\Atmel_AT91SAM7S-EK\Tut\Atmel_AT91SAM7S\Atmel_AT91SAM7S-EK\Tut\salvohook_interrupt_SAM7_IRQ.c
F:\memsic\svn\DMU380\software\RtosSalvo\Example\ARM\Atmel_AT91SAM7S\Atmel_AT91SAM7S-EK\Tut\Tut5\IARARM
F:\memsic\svn\DMU380\software\RtosSalvo\Example\ARM\Atmel_AT91SAM7S\Atmel_AT91SAM7S-EK\Tut\Tut5\IARARM\Atmel_AT91SAM7S\Atmel_AT91SAM7S-EK\Tut\Tut5\IARARM\tut5.c
F:\memsic\svn\DMU380\software\RtosSalvo\Example\ARM\Atmel_AT91SAM7S\Atmel_AT91SAM7S-EK\Tut\Tut5\IARARM\Atmel_AT91SAM7S\Atmel_AT91SAM7S-EK\Tut\Tut5\IARARM\init_SAM7.c
F:\memsic\svn\DMU380\software\RtosSalvo\Example\ARM\Atmel_AT91SAM7S\Atmel_AT91SAM7S-EK\Tut\Tut5\IARARM\Atmel_AT91SAM7S\Atmel_AT91SAM7S-EK\Tut\Tut5\IARARM\tut5.eww
F:\memsic\svn\DMU380\software\RtosSalvo\Example\ARM\Atmel_AT91SAM7S\Atmel_AT91SAM7S-EK\Tut\Tut5\IARARM\Atmel_AT91SAM7S\Atmel_AT91SAM7S-EK\Tut\Tut5\IARARM\abstract.txt
F:\memsic\svn\DMU380\software\RtosSalvo\Example\ARM\Atmel_AT91SAM7S\Atmel_AT91SAM7S-EK\Tut\Tut5\IARARM\Atmel_AT91SAM7S\Atmel_AT91SAM7S-EK\Tut\Tut5\IARARM\newforSalvo4.txt
F:\memsic\svn\DMU380\software\RtosSalvo\Example\ARM\Atmel_AT91SAM7S\Atmel_AT91SAM7S-EK\Tut\Tut5\IARARM\Lite
F:\memsic\svn\DMU380\software\RtosSalvo\Example\ARM\Atmel_AT91SAM7S\Atmel_AT91SAM7S-EK\Tut\Tut5\IARARM\Lite\Atmel_AT91SAM7S\Atmel_AT91SAM7S-EK\Tut\Tut5\IARARM\Lite\salvocfg.h
F:\memsic\svn\DMU380\software\RtosSalvo\Example\ARM\Atmel_AT91SAM7S\Atmel_AT91SAM7S-EK\Tut\Tut5\IARARM\Lite\Atmel_AT91SAM7S\Atmel_AT91SAM7S-EK\Tut\Tut5\IARARM\Lite\C\tut5lite.dep
F:\memsic\svn\DMU380\software\RtosSalvo\Example\ARM\Atmel_AT91SAM7S\Atmel_AT91SAM7S-EK\Tut\Tut5\IARARM\Lite\Atmel_AT91SAM7S\Atmel_AT91SAM7S-EK\Tut\Tut5\IARARM\Lite\C\tut5lite.ewd
F:\memsic\svn\DMU380\software\RtosSalvo\Example\ARM\Atmel_AT91SAM7S\Atmel_AT91SAM7S-EK\Tut\Tut5\IARARM\Lite\Atmel_AT91SAM7S\Atmel_AT91SAM7S-EK\Tut\Tut5\IARARM\Lite\C\tut5lite.ewp
F:\memsic\svn\DMU380\software\RtosSalvo\Example\ARM\Atmel_AT91SAM7S\Atmel_AT91SAM7S-EK\Tut\Tut5\IARARM\Lite\settings
F:\memsic\svn\DMU380\software\RtosSalvo\Example\ARM\Atmel_AT91SAM7S\Atmel_AT91SAM7S-EK\Tut\Tut5\IARARM\Lite\settings\Atmel_AT91SAM7S\Atmel_AT91SAM7S-EK\Tut\Tut5\IARARM\Lite\settings\C\tut5lite.cspy.bat
F:\memsic\svn\DMU380\software\RtosSalvo\Example\ARM\Atmel_AT91SAM7S\Atmel_AT91SAM7S-EK\Tut\Tut5\IARARM\Lite\settings\Atmel_AT91SAM7S\Atmel_AT91SAM7S-EK\Tut\Tut5\IARARM\Lite\settings\C\tut5lite.dbgdt
F:\memsic\svn\DMU380\software\RtosSalvo\Example\ARM\Atmel_AT91SAM7S\Atmel_AT91SAM7S-EK\Tut\Tut5\IARARM\Lite\settings\Atmel_AT91SAM7S\Atmel_AT91SAM7S-EK\Tut\Tut5\IARARM\Lite\settings\C\tut5lite.dni
F:\memsic\svn\DMU380\software\RtosSalvo\Example\ARM
F:\memsic\svn\DMU380\software\RtosSalvo\Doc\IARARM\
F:\memsic\svn\DMU380\software\RtosSalvo\Doc\IARARM\rm-iararm.pdf
F:\memsic\svn\DMU380\software\RtosSalvo\Doc\IARARM
F:\memsic\svn\DMU380\software\RtosSalvo\Doc
F:\memsic\svn\DMU380\software\RtosSalvo\Lib\IARARM-v5
F:\memsic\svn\DMU380\software\RtosSalvo\Lib\IARARM-v5\libsalvoliararm4bai-t.a
F:\memsic\svn\DMU380\software\RtosSalvo\Lib\IARARM-v5\libsalvoliararm4lai-t.a
F:\memsic\svn\DMU380\software\RtosSalvo\Lib\IARARM-v5\libsalvoliararm4bti-t.a
F:\memsic\svn\DMU380\software\RtosSalvo\Lib\IARARM-v5\libsalvoliararm4lti-t.a
F:\memsic\svn\DMU380\software\RtosSalvo\Lib\IARARM-v5
F:\memsic\svn\DMU380\software\RtosSalvo\Lib\IARARM-v5\libsalvoliararm4bai-t.a
F:\memsic\svn\DMU380\software\RtosSalvo\Lib\IARARM-v5\libsalvoliararm4lai-t.a
F:\memsic\svn\DMU380\software\RtosSalvo\Lib\IARARM-v5\libsalvoliararm4bti-t.a
F:\memsic\svn\DMU380\software\RtosSalvo\Lib\IARARM-v5\libsalvoliararm4lti-t.a
F:\memsic\svn\DMU380\software\RtosSalvo\Lib\IARARM
F:\memsic\svn\DMU380\software\RtosSalvo\Lib
F:\memsic\svn\DMU380\software\RtosSalvo\Example\ARM\ARM7TDMI_Core\Simulator\Tut\Tut5\IARARM\LE
F:\memsic\svn\DMU380\software\RtosSalvo\Example\ARM\ARM7TDMI_Core\Simulator\Tut\Tut5\IARARM\LE\ARM7TDMI_Core\Simulator\Tut\Tut5\IARARM\LE\salvocfg.h
F:\memsic\svn\DMU380\software\RtosSalvo\Example\ARM\ARM7TDMI_Core\Simulator\Tut\Tut5\IARARM\LE\ARM7TDMI_Core\Simulator\Tut\Tut5\IARARM\LE\C\tut5le.dep
F:\memsic\svn\DMU380\software\RtosSalvo\Example\ARM\ARM7TDMI_Core\Simulator\Tut\Tut5\IARARM\LE\ARM7TDMI_Core\Simulator\Tut\Tut5\IARARM\LE\C\tut5le.ewp
F:\memsic\svn\DMU380\software\RtosSalvo\Example\ARM\ARM7TDMI_Core\Simulator\Tut\Tut5\IARARM\LE\settings
F:\memsic\svn\DMU380\software\RtosSalvo\Example\ARM\ARM7TDMI_Core\Simulator\Tut\Tut5\IARARM\LE\settings\ARM7TDMI_Core\Simulator\Tut\Tut5\IARARM\LE\settings\C\tut5le.cspy.bat
F:\memsic\svn\DMU380\software\RtosSalvo\Example\ARM\ARM7TDMI_Core\Simulator\Tut\Tut5\IARARM\LE\settings\ARM7TDMI_Core\Simulator\Tut\Tut5\IARARM\LE\settings\C\tut5le.dbgdt
F:\memsic\svn\DMU380\software\RtosSalvo\Example\ARM\ARM7TDMI_Core\Simulator\Tut\Tut5\IARARM\LE\settings\ARM7TDMI_Core\Simulator\Tut\Tut5\IARARM\LE\settings\C\tut5le.dni
F:\memsic\svn\DMU380\software\RtosSalvo\Example\ARM\Atmel_AT91SAM7S\Atmel_AT91SAM7S-EK\Tut\Tut5\IARARM\LE
F:\memsic\svn\DMU380\software\RtosSalvo\Example\ARM\Atmel_AT91SAM7S\Atmel_AT91SAM7S-EK\Tut\Tut5\IARARM\LE\Atmel_AT91SAM7S\Atmel_AT91SAM7S-EK\Tut\Tut5\IARARM\LE\salvocfg.h
F:\memsic\svn\DMU380\software\RtosSalvo\Example\ARM\Atmel_AT91SAM7S\Atmel_AT91SAM7S-EK\Tut\Tut5\IARARM\LE\Atmel_AT91SAM7S\Atmel_AT91SAM7S-EK\Tut\Tut5\IARARM\LE\C\tut5le.dep
F:\memsic\svn\DMU380\software\RtosSalvo\Example\ARM\Atmel_AT91SAM7S\Atmel_AT91SAM7S-EK\Tut\Tut5\IARARM\LE\Atmel_AT91SAM7S\Atmel_AT91SAM7S-EK\Tut\Tut5\IARARM\LE\C\tut5le.ewd
F:\memsic\svn\DMU380\software\RtosSalvo\Example\ARM\Atmel_AT91SAM7S\Atmel_AT91SAM7S-EK\Tut\Tut5\IARARM\LE\Atmel_AT91SAM7S\Atmel_AT91SAM7S-EK\Tut\Tut5\IARARM\LE\C\tut5le.ewp
F:\memsic\svn\DMU380\software\RtosSalvo\Example\ARM\Atmel_AT91SAM7S\Atmel_AT91SAM7S-EK\Tut\Tut5\IARARM\LE\settings
F:\memsic\svn\DMU380\software\RtosSalvo\Example\ARM\Atmel_AT91SAM7S\Atmel_AT91SAM7S-EK\Tut\Tut5\IARARM\LE\settings\Atmel_AT91SAM7S\Atmel_AT91SAM7S-EK\Tut\Tut5\IARARM\LE\settings\C\tut5le.cspy.bat
F:\memsic\svn\DMU380\software\RtosSalvo\Example\ARM\Atmel_AT91SAM7S\Atmel_AT91SAM7S-EK\Tut\Tut5\IARARM\LE\settings\Atmel_AT91SAM7S\Atmel_AT91SAM7S-EK\Tut\Tut5\IARARM\LE\settings\C\tut5le.dbgdt
F:\memsic\svn\DMU380\software\RtosSalvo\Example\ARM\Atmel_AT91SAM7S\Atmel_AT91SAM7S-EK\Tut\Tut5\IARARM\LE\settings\Atmel_AT91SAM7S\Atmel_AT91SAM7S-EK\Tut\Tut5\IARARM\LE\settings\C\tut5le.dni
F:\memsic\svn\DMU380\software\RtosSalvo\Example\ARM
F:\memsic\svn\DMU380\software\RtosSalvo\Src\IARARM
F:\memsic\svn\DMU380\software\RtosSalvo\Src\IARARM\salvoportiararm.s79
F:\memsic\svn\DMU380\software\RtosSalvo\Src\IARARM
F:\memsic\svn\DMU380\software\RtosSalvo\Src
F:\memsic\svn\DMU380\software\RtosSalvo\Src\Make\IARARM
F:\memsic\svn\DMU380\software\RtosSalvo\Src\Make\IARARM\Makefile
F:\memsic\svn\DMU380\software\RtosSalvo\Src\Make\IARARM\targets.mk
F:\memsic\svn\DMU380\software\RtosSalvo\Src\Make\IARARM
F:\memsic\svn\DMU380\software\RtosSalvo\Src\Make
F:\memsic\svn\DMU380\software\RtosSalvo\Src\
F:\memsic\svn\DMU380\software\RtosSalvo\Lib\IARARM-v5
F:\memsic\svn\DMU380\software\RtosSalvo\Lib\IARARM-v5\libsalvoliararm4baiit.a
F:\memsic\svn\DMU380\software\RtosSalvo\Lib\IARARM-v5\libsalvoliararm4laiit.a
F:\memsic\svn\DMU380\software\RtosSalvo\Lib\IARARM-v5\libsalvoliararm4btiit.a
F:\memsic\svn\DMU380\software\RtosSalvo\Lib\IARARM-v5\libsalvoliararm4ltiit.a
F:\memsic\svn\DMU380\software\RtosSalvo\Lib\IARARM-v6
F:\memsic\svn\DMU380\software\RtosSalvo\Lib\IARARM-v6\libsalvoliararm4baiit.a
F:\memsic\svn\DMU380\software\RtosSalvo\Lib\IARARM-v6\libsalvoliararm4laiit.a
F:\memsic\svn\DMU380\software\RtosSalvo\Lib\IARARM-v6\libsalvoliararm4btiit.a
F:\memsic\svn\DMU380\software\RtosSalvo\Lib\IARARM-v6\libsalvoliararm4ltiit.a
F:\memsic\svn\DMU380\software\RtosSalvo\Lib\IARARM
F:\memsic\svn\DMU380\software\RtosSalvo\Lib
F:\memsic\svn\DMU380\software\RtosSalvo\Example\ARM\Atmel_AT91SAM7S\Atmel_AT91SAM7S-EK\Rowley_CSARM\Tut\Tut5\Pro
F:\memsic\svn\DMU380\software\RtosSalvo\Example\ARM\ARM7TDMI_Core\Simulator\Tut\Tut5\IARARM\Pro
F:\memsic\svn\DMU380\software\RtosSalvo\Example\ARM\ARM7TDMI_Core\Simulator\Tut\Tut5\IARARM\Pro\ARM7TDMI_Core\Simulator\Tut\Tut5\IARARM\Pro\salvocfg.h
F:\memsic\svn\DMU380\software\RtosSalvo\Example\ARM\ARM7TDMI_Core\Simulator\Tut\Tut5\IARARM\Pro\ARM7TDMI_Core\Simulator\Tut\Tut5\IARARM\Pro\C\tut5pro.dep
F:\memsic\svn\DMU380\software\RtosSalvo\Example\ARM\ARM7TDMI_Core\Simulator\Tut\Tut5\IARARM\Pro\ARM7TDMI_Core\Simulator\Tut\Tut5\IARARM\Pro\C\tut5pro.ewp
F:\memsic\svn\DMU380\software\RtosSalvo\Example\ARM\ARM7TDMI_Core\Simulator\Tut\Tut5\IARARM\Pro\settings
F:\memsic\svn\DMU380\software\RtosSalvo\Example\ARM\ARM7TDMI_Core\Simulator\Tut\Tut5\IARARM\Pro\settings\ARM7TDMI_Core\Simulator\Tut\Tut5\IARARM\Pro\settings\C\tut5pro.cspy.bat
F:\memsic\svn\DMU380\software\RtosSalvo\Example\ARM\ARM7TDMI_Core\Simulator\Tut\Tut5\IARARM\Pro\settings\ARM7TDMI_Core\Simulator\Tut\Tut5\IARARM\Pro\settings\C\tut5pro.dbgdt
F:\memsic\svn\DMU380\software\RtosSalvo\Example\ARM\ARM7TDMI_Core\Simulator\Tut\Tut5\IARARM\Pro\settings\ARM7TDMI_Core\Simulator\Tut\Tut5\IARARM\Pro\settings\C\tut5pro.dni
F:\memsic\svn\DMU380\software\RtosSalvo\Example\ARM\ARM7TDMI_Core\Simulator\Tut\Tut5\IARARM\Pro-Lib
F:\memsic\svn\DMU380\software\RtosSalvo\Example\ARM\ARM7TDMI_Core\Simulator\Tut\Tut5\IARARM\Pro-Lib\ARM7TDMI_Core\Simulator\Tut\Tut5\IARARM\Pro-Lib\salvocfg.h
F:\memsic\svn\DMU380\software\RtosSalvo\Example\ARM\ARM7TDMI_Core\Simulator\Tut\Tut5\IARARM\Pro-Lib\ARM7TDMI_Core\Simulator\Tut\Tut5\IARARM\Pro-Lib\C\tut5pro-lib.dep
F:\memsic\svn\DMU380\software\RtosSalvo\Example\ARM\ARM7TDMI_Core\Simulator\Tut\Tut5\IARARM\Pro-Lib\ARM7TDMI_Core\Simulator\Tut\Tut5\IARARM\Pro-Lib\C\tut5pro-lib.ewp
F:\memsic\svn\DMU380\software\RtosSalvo\Example\ARM\ARM7TDMI_Core\Simulator\Tut\Tut5\IARARM\Pro-Lib\settings
F:\memsic\svn\DMU380\software\RtosSalvo\Example\ARM\ARM7TDMI_Core\Simulator\Tut\Tut5\IARARM\Pro-Lib\settings\ARM7TDMI_Core\Simulator\Tut\Tut5\IARARM\Pro-Lib\settings\C\tut5pro-lib.cspy.bat
F:\memsic\svn\DMU380\software\RtosSalvo\Example\ARM\ARM7TDMI_Core\Simulator\Tut\Tut5\IARARM\Pro-Lib\settings\ARM7TDMI_Core\Simulator\Tut\Tut5\IARARM\Pro-Lib\settings\C\tut5pro-lib.dbgdt
F:\memsic\svn\DMU380\software\RtosSalvo\Example\ARM\ARM7TDMI_Core\Simulator\Tut\Tut5\IARARM\Pro-Lib\settings\ARM7TDMI_Core\Simulator\Tut\Tut5\IARARM\Pro-Lib\settings\C\tut5pro-lib.dni
F:\memsic\svn\DMU380\software\RtosSalvo\Example\ARM\Atmel_AT91SAM7S\Atmel_AT91SAM7S-EK\Tut\Tut5\IARARM\Pro
F:\memsic\svn\DMU380\software\RtosSalvo\Example\ARM\Atmel_AT91SAM7S\Atmel_AT91SAM7S-EK\Tut\Tut5\IARARM\Pro\Atmel_AT91SAM7S\Atmel_AT91SAM7S-EK\Tut\Tut5\IARARM\Pro\salvocfg.h
F:\memsic\svn\DMU380\software\RtosSalvo\Example\ARM\Atmel_AT91SAM7S\Atmel_AT91SAM7S-EK\Tut\Tut5\IARARM\Pro\Atmel_AT91SAM7S\Atmel_AT91SAM7S-EK\Tut\Tut5\IARARM\Pro\C\tut5pro.dep
F:\memsic\svn\DMU380\software\RtosSalvo\Example\ARM\Atmel_AT91SAM7S\Atmel_AT91SAM7S-EK\Tut\Tut5\IARARM\Pro\Atmel_AT91SAM7S\Atmel_AT91SAM7S-EK\Tut\Tut5\IARARM\Pro\C\tut5pro.ewd
F:\memsic\svn\DMU380\software\RtosSalvo\Example\ARM\Atmel_AT91SAM7S\Atmel_AT91SAM7S-EK\Tut\Tut5\IARARM\Pro\Atmel_AT91SAM7S\Atmel_AT91SAM7S-EK\Tut\Tut5\IARARM\Pro\C\tut5pro.ewp
F:\memsic\svn\DMU380\software\RtosSalvo\Example\ARM\Atmel_AT91SAM7S\Atmel_AT91SAM7S-EK\Tut\Tut5\IARARM\Pro\settings
F:\memsic\svn\DMU380\software\RtosSalvo\Example\ARM\Atmel_AT91SAM7S\Atmel_AT91SAM7S-EK\Tut\Tut5\IARARM\Pro\settings\Atmel_AT91SAM7S\Atmel_AT91SAM7S-EK\Tut\Tut5\IARARM\Pro\settings\C\tut5pro.cspy.bat
F:\memsic\svn\DMU380\software\RtosSalvo\Example\ARM\Atmel_AT91SAM7S\Atmel_AT91SAM7S-EK\Tut\Tut5\IARARM\Pro\settings\Atmel_AT91SAM7S\Atmel_AT91SAM7S-EK\Tut\Tut5\IARARM\Pro\settings\C\tut5pro.dbgdt
F:\memsic\svn\DMU380\software\RtosSalvo\Example\ARM\Atmel_AT91SAM7S\Atmel_AT91SAM7S-EK\Tut\Tut5\IARARM\Pro\settings\Atmel_AT91SAM7S\Atmel_AT91SAM7S-EK\Tut\Tut5\IARARM\Pro\settings\C\tut5pro.dni
F:\memsic\svn\DMU380\software\RtosSalvo\Example\ARM\Atmel_AT91SAM7S\Atmel_AT91SAM7S-EK\Tut\Tut5\IARARM\Pro-Lib
F:\memsic\svn\DMU380\software\RtosSalvo\Example\ARM\Atmel_AT91SAM7S\Atmel_AT91SAM7S-EK\Tut\Tut5\IARARM\Pro-Lib\Atmel_AT91SAM7S\Atmel_AT91SAM7S-EK\Tut\Tut5\IARARM\Pro-Lib\salvocfg.h
F:\memsic\svn\DMU380\software\RtosSalvo\Example\ARM\Atmel_AT91SAM7S\Atmel_AT91SAM7S-EK\Tut\Tut5\IARARM\Pro-Lib\Atmel_AT91SAM7S\Atmel_AT91SAM7S-EK\Tut\Tut5\IARARM\Pro-Lib\C\tut5pro-lib.dep
F:\memsic\svn\DMU380\software\RtosSalvo\Example\ARM\Atmel_AT91SAM7S\Atmel_AT91SAM7S-EK\Tut\Tut5\IARARM\Pro-Lib\Atmel_AT91SAM7S\Atmel_AT91SAM7S-EK\Tut\Tut5\IARARM\Pro-Lib\C\tut5pro-lib.ewd
F:\memsic\svn\DMU380\software\RtosSalvo\Example\ARM\Atmel_AT91SAM7S\Atmel_AT91SAM7S-EK\Tut\Tut5\IARARM\Pro-Lib\Atmel_AT91SAM7S\Atmel_AT91SAM7S-EK\Tut\Tut5\IARARM\Pro-Lib\C\tut5pro-lib.ewp
F:\memsic\svn\DMU380\software\RtosSalvo\Example\ARM\Atmel_AT91SAM7S\Atmel_AT91SAM7S-EK\Tut\Tut5\IARARM\Pro-Lib\settings
F:\memsic\svn\DMU380\software\RtosSalvo\Example\ARM\Atmel_AT91SAM7S\Atmel_AT91SAM7S-EK\Tut\Tut5\IARARM\Pro-Lib\settings\Atmel_AT91SAM7S\Atmel_AT91SAM7S-EK\Tut\Tut5\IARARM\Pro-Lib\settings\C\tut5pro-lib.cspy.bat
F:\memsic\svn\DMU380\software\RtosSalvo\Example\ARM\Atmel_AT91SAM7S\Atmel_AT91SAM7S-EK\Tut\Tut5\IARARM\Pro-Lib\settings\Atmel_AT91SAM7S\Atmel_AT91SAM7S-EK\Tut\Tut5\IARARM\Pro-Lib\settings\C\tut5pro-lib.dbgdt
F:\memsic\svn\DMU380\software\RtosSalvo\Example\ARM\Atmel_AT91SAM7S\Atmel_AT91SAM7S-EK\Tut\Tut5\IARARM\Pro-Lib\settings\Atmel_AT91SAM7S\Atmel_AT91SAM7S-EK\Tut\Tut5\IARARM\Pro-Lib\settings\C\tut5pro-lib.dni
F:\memsic\svn\DMU380\software\RtosSalvo\Example\ARM\ARM7TDMI_Core\Simulator\Test\Test40\IARARM
F:\memsic\svn\DMU380\software\RtosSalvo\Example\ARM\ARM7TDMI_Core\Simulator\Test\Test40\IARARM\ARM7TDMI_Core\Simulator\Test\Test40\IARARM\main.c
F:\memsic\svn\DMU380\software\RtosSalvo\Example\ARM\ARM7TDMI_Core\Simulator\Test\Test40\IARARM\ARM7TDMI_Core\Simulator\Test\Test40\IARARM\main.h
F:\memsic\svn\DMU380\software\RtosSalvo\Example\ARM\ARM7TDMI_Core\Simulator\Test\Test40\IARARM\ARM7TDMI_Core\Simulator\Test\Test40\IARARM\abstract.txt
F:\memsic\svn\DMU380\software\RtosSalvo\Example\ARM\ARM7TDMI_Core\Simulator\Test\Test40\IARARM\ARM7TDMI_Core\Simulator\Test\Test40\IARARM\test40.eww
F:\memsic\svn\DMU380\software\RtosSalvo\Example\ARM\ARM7TDMI_Core\Simulator\Test\Test40\IARARM\Pro
F:\memsic\svn\DMU380\software\RtosSalvo\Example\ARM\ARM7TDMI_Core\Simulator\Test\Test40\IARARM\Pro\ARM7TDMI_Core\Simulator\Test\Test40\IARARM\Pro\salvocfg.h
F:\memsic\svn\DMU380\software\RtosSalvo\Example\ARM\ARM7TDMI_Core\Simulator\Test\Test40\IARARM\Pro\ARM7TDMI_Core\Simulator\Test\Test40\IARARM\Pro\C\test40pro.dep
F:\memsic\svn\DMU380\software\RtosSalvo\Example\ARM\ARM7TDMI_Core\Simulator\Test\Test40\IARARM\Pro\ARM7TDMI_Core\Simulator\Test\Test40\IARARM\Pro\C\test40pro.ewd
F:\memsic\svn\DMU380\software\RtosSalvo\Example\ARM\ARM7TDMI_Core\Simulator\Test\Test40\IARARM\Pro\ARM7TDMI_Core\Simulator\Test\Test40\IARARM\Pro\C\test40pro.ewp
F:\memsic\svn\DMU380\software\RtosSalvo\Example\ARM\ARM7TDMI_Core\Simulator\Test\Test40\IARARM\Pro\settings
F:\memsic\svn\DMU380\software\RtosSalvo\Example\ARM\ARM7TDMI_Core\Simulator\Test\Test40\IARARM\Pro\settings\ARM7TDMI_Core\Simulator\Test\Test40\IARARM\Pro\settings\C\test40pro.cspy.bat
F:\memsic\svn\DMU380\software\RtosSalvo\Example\ARM\ARM7TDMI_Core\Simulator\Test\Test40\IARARM\Pro\settings\ARM7TDMI_Core\Simulator\Test\Test40\IARARM\Pro\settings\C\test40pro.dbgdt
F:\memsic\svn\DMU380\software\RtosSalvo\Example\ARM\ARM7TDMI_Core\Simulator\Test\Test40\IARARM\Pro\settings\ARM7TDMI_Core\Simulator\Test\Test40\IARARM\Pro\settings\C\test40pro.dni
F:\memsic\svn\DMU380\software\RtosSalvo\Example\ARM
F:\memsic\svn\DMU380\software\RtosSalvo\Example\ARM
F:\memsic\svn\DMU380\software\RtosSalvo\Example\ARM
F:\memsic\svn\DMU380\software\RtosSalvo\Example\ARM
F:\memsic\svn\DMU380\software\RtosSalvo\Inc
F:\memsic\svn\DMU380\software\RtosSalvo\Inc\salvo.h
F:\memsic\svn\DMU380\software\RtosSalvo\Inc\salvoadc.h
F:\memsic\svn\DMU380\software\RtosSalvo\Inc\salvocri.h
F:\memsic\svn\DMU380\software\RtosSalvo\Inc\salvoctx.h
F:\memsic\svn\DMU380\software\RtosSalvo\Inc\salvodef.h
F:\memsic\svn\DMU380\software\RtosSalvo\Inc\salvofpt.h
F:\memsic\svn\DMU380\software\RtosSalvo\Inc\salvolbo.h
F:\memsic\svn\DMU380\software\RtosSalvo\Inc\salvolib.h
F:\memsic\svn\DMU380\software\RtosSalvo\Inc\salvoloc.h
F:\memsic\svn\DMU380\software\RtosSalvo\Inc\salvolvl.h
F:\memsic\svn\DMU380\software\RtosSalvo\Inc\salvomac.h
F:\memsic\svn\DMU380\software\RtosSalvo\Inc\salvomcg.h
F:\memsic\svn\DMU380\software\RtosSalvo\Inc\salvomem.h
F:\memsic\svn\DMU380\software\RtosSalvo\Inc\salvompt.h
F:\memsic\svn\DMU380\software\RtosSalvo\Inc\salvoocp.h
F:\memsic\svn\DMU380\software\RtosSalvo\Inc\salvoprg.h
F:\memsic\svn\DMU380\software\RtosSalvo\Inc\salvopsh.h
F:\memsic\svn\DMU380\software\RtosSalvo\Inc\salvoscb.h
F:\memsic\svn\DMU380\software\RtosSalvo\Inc\salvoscg.h
F:\memsic\svn\DMU380\software\RtosSalvo\Inc\salvostr.h
F:\memsic\svn\DMU380\software\RtosSalvo\Inc\salvotyp.h
F:\memsic\svn\DMU380\software\RtosSalvo\Inc\salvover.h
F:\memsic\svn\DMU380\software\RtosSalvo\Inc\salvowar.h
F:\memsic\svn\DMU380\software\RtosSalvo\Inc
F:\memsic\svn\DMU380\software\RtosSalvo\Src
F:\memsic\svn\DMU380\software\RtosSalvo\Src\salvomem.c
F:\memsic\svn\DMU380\software\RtosSalvo\Src
F:\memsic\svn\DMU380\software\RtosSalvo\Doc
F:\memsic\svn\DMU380\software\RtosSalvo\Doc\SalvoUserManual.pdf
F:\memsic\svn\DMU380\software\RtosSalvo\Doc\newforSalvo4.txt
F:\memsic\svn\DMU380\software\RtosSalvo\Doc
F:\memsic\svn\DMU380\software\RtosSalvo\Src
F:\memsic\svn\DMU380\software\RtosSalvo\Src\salvoarray.c
F:\memsic\svn\DMU380\software\RtosSalvo\Src\salvobinsem.c
F:\memsic\svn\DMU380\software\RtosSalvo\Src\salvobinsem2.c
F:\memsic\svn\DMU380\software\RtosSalvo\Src\salvochk.c
F:\memsic\svn\DMU380\software\RtosSalvo\Src\salvocyclic.c
F:\memsic\svn\DMU380\software\RtosSalvo\Src\salvocyclic2.c
F:\memsic\svn\DMU380\software\RtosSalvo\Src\salvocyclic3.c
F:\memsic\svn\DMU380\software\RtosSalvo\Src\salvocyclic4.c
F:\memsic\svn\DMU380\software\RtosSalvo\Src\salvocyclic5.c
F:\memsic\svn\DMU380\software\RtosSalvo\Src\salvocyclic6.c
F:\memsic\svn\DMU380\software\RtosSalvo\Src\salvocyclic7.c
F:\memsic\svn\DMU380\software\RtosSalvo\Src\salvodebug.c
F:\memsic\svn\DMU380\software\RtosSalvo\Src\salvodelay.c
F:\memsic\svn\DMU380\software\RtosSalvo\Src\salvodelay2.c
F:\memsic\svn\DMU380\software\RtosSalvo\Src\salvodelay3.c
F:\memsic\svn\DMU380\software\RtosSalvo\Src\salvodestroy.c
F:\memsic\svn\DMU380\software\RtosSalvo\Src\salvoeflag.c
F:\memsic\svn\DMU380\software\RtosSalvo\Src\salvoeflag2.c
F:\memsic\svn\DMU380\software\RtosSalvo\Src\salvoeid.c
F:\memsic\svn\DMU380\software\RtosSalvo\Src\salvoevent.c
F:\memsic\svn\DMU380\software\RtosSalvo\Src\salvohook_idle.c
F:\memsic\svn\DMU380\software\RtosSalvo\Src\salvohook_interrupt.c
F:\memsic\svn\DMU380\software\RtosSalvo\Src\salvohook_wdt.c
F:\memsic\svn\DMU380\software\RtosSalvo\Src\salvoinit.c
F:\memsic\svn\DMU380\software\RtosSalvo\Src\salvoinit2.c
F:\memsic\svn\DMU380\software\RtosSalvo\Src\salvoinit3.c
F:\memsic\svn\DMU380\software\RtosSalvo\Src\salvoinit4.c
F:\memsic\svn\DMU380\software\RtosSalvo\Src\salvolicense.c
F:\memsic\svn\DMU380\software\RtosSalvo\Src\salvomsg.c
F:\memsic\svn\DMU380\software\RtosSalvo\Src\salvomsg2.c
F:\memsic\svn\DMU380\software\RtosSalvo\Src\salvomsgq.c
F:\memsic\svn\DMU380\software\RtosSalvo\Src\salvomsgq2.c
F:\memsic\svn\DMU380\software\RtosSalvo\Src\salvomsgq3.c
F:\memsic\svn\DMU380\software\RtosSalvo\Src\salvomsgq4.c
F:\memsic\svn\DMU380\software\RtosSalvo\Src\salvoprio.c
F:\memsic\svn\DMU380\software\RtosSalvo\Src\salvoprio2.c
F:\memsic\svn\DMU380\software\RtosSalvo\Src\salvoqdel.c
F:\memsic\svn\DMU380\software\RtosSalvo\Src\salvoqins.c
F:\memsic\svn\DMU380\software\RtosSalvo\Src\salvorpt.c
F:\memsic\svn\DMU380\software\RtosSalvo\Src\salvosched.c
F:\memsic\svn\DMU380\software\RtosSalvo\Src\salvosem.c
F:\memsic\svn\DMU380\software\RtosSalvo\Src\salvosem2.c
F:\memsic\svn\DMU380\software\RtosSalvo\Src\salvostop.c
F:\memsic\svn\DMU380\software\RtosSalvo\Src\salvotask.c
F:\memsic\svn\DMU380\software\RtosSalvo\Src\salvotask2.c
F:\memsic\svn\DMU380\software\RtosSalvo\Src\salvotask3.c
F:\memsic\svn\DMU380\software\RtosSalvo\Src\salvotask4.c
F:\memsic\svn\DMU380\software\RtosSalvo\Src\salvotask5.c
F:\memsic\svn\DMU380\software\RtosSalvo\Src\salvotask6.c
F:\memsic\svn\DMU380\software\RtosSalvo\Src\salvotask7.c
F:\memsic\svn\DMU380\software\RtosSalvo\Src\salvotask8.c
F:\memsic\svn\DMU380\software\RtosSalvo\Src\salvotick.c
F:\memsic\svn\DMU380\software\RtosSalvo\Src\salvotid.c
F:\memsic\svn\DMU380\software\RtosSalvo\Src\salvotimer.c
F:\memsic\svn\DMU380\software\RtosSalvo\Src\salvoutil.c
F:\memsic\svn\DMU380\software\RtosSalvo\Src\salvoversion.c
F:\memsic\svn\DMU380\software\RtosSalvo\Src
F:\memsic\svn\DMU380\software\RtosSalvo\Src
F:\memsic\svn\DMU380\software\RtosSalvo\Src\Makefile
F:\memsic\svn\DMU380\software\RtosSalvo\Src\Makefile2
F:\memsic\svn\DMU380\software\RtosSalvo\Src\salvotargets.mk
F:\memsic\svn\DMU380\software\RtosSalvo\Src
F:\memsic\svn\DMU380\software\RtosSalvo\Gfx\Salvo.ico
F:\memsic\svn\DMU380\software\RtosSalvo\Inc\IARARM
F:\memsic\svn\DMU380\software\RtosSalvo\Inc\IARARM\salvoportiararm.h
F:\memsic\svn\DMU380\software\RtosSalvo\Inc\IARARM
F:\memsic\svn\DMU380\software\RtosSalvo\Inc
F:\memsic\svn\DMU380\software\RtosSalvo\Src\IARARM
F:\memsic\svn\DMU380\software\RtosSalvo\Src\IARARM\salvohook_interrupt_IRQ.c
F:\memsic\svn\DMU380\software\RtosSalvo\Src\IARARM\salvohook_idle.c
F:\memsic\svn\DMU380\software\RtosSalvo\Src\IARARM\salvohook_wdt.c
F:\memsic\svn\DMU380\software\RtosSalvo\Src\IARARM
F:\memsic\svn\DMU380\software\RtosSalvo\Src
F:\memsic\svn\DMU380\software\RtosSalvo\Lib\IARARM-v5
F:\memsic\svn\DMU380\software\RtosSalvo\Lib\IARARM-v5\libsalvofiararm4bai-t.a
F:\memsic\svn\DMU380\software\RtosSalvo\Lib\IARARM-v5\libsalvofiararm4lai-t.a
F:\memsic\svn\DMU380\software\RtosSalvo\Lib\IARARM-v5\libsalvofiararm4bti-t.a
F:\memsic\svn\DMU380\software\RtosSalvo\Lib\IARARM-v5\libsalvofiararm4lti-t.a
F:\memsic\svn\DMU380\software\RtosSalvo\Lib\IARARM-v5
F:\memsic\svn\DMU380\software\RtosSalvo\Lib\IARARM-v5\libsalvofiararm4bai-t.a
F:\memsic\svn\DMU380\software\RtosSalvo\Lib\IARARM-v5\libsalvofiararm4lai-t.a
F:\memsic\svn\DMU380\software\RtosSalvo\Lib\IARARM-v5\libsalvofiararm4bti-t.a
F:\memsic\svn\DMU380\software\RtosSalvo\Lib\IARARM-v5\libsalvofiararm4lti-t.a
F:\memsic\svn\DMU380\software\RtosSalvo\Lib\IARARM
F:\memsic\svn\DMU380\software\RtosSalvo\Lib
F:\memsic\svn\DMU380\software\RtosSalvo\Example\ARM\Atmel_AT91SAM7S\Atmel_AT91SAM7S-EK
F:\memsic\svn\DMU380\software\RtosSalvo\Example\ARM\Atmel_AT91SAM7S\Atmel_AT91SAM7S-EK\Rowley_CSARM\Tut\Tut5
F:\memsic\svn\DMU380\software\RtosSalvo\Example\ARM\Atmel_AT91SAM7S\Atmel_AT91SAM7S-EK\Rowley_CSARM\Tut\Tut5\Lite
F:\memsic\svn\DMU380\software\RtosSalvo\Example\ARM\ARM7TDMI_Core\Simulator\Tut\Tut5\IARARM
F:\memsic\svn\DMU380\software\RtosSalvo\Example\ARM\ARM7TDMI_Core\Simulator\Tut\Tut5\IARARM\ARM7TDMI_Core\Simulator\Tut\Tut5\IARARM\tut5.c
F:\memsic\svn\DMU380\software\RtosSalvo\Example\ARM\ARM7TDMI_Core\Simulator\Tut\Tut5\IARARM\ARM7TDMI_Core\Simulator\Tut\Tut5\IARARM\tut5.eww
F:\memsic\svn\DMU380\software\RtosSalvo\Example\ARM\ARM7TDMI_Core\Simulator\Tut\Tut5\IARARM\ARM7TDMI_Core\Simulator\Tut\Tut5\IARARM\readme.txt
F:\memsic\svn\DMU380\software\RtosSalvo\Example\ARM\ARM7TDMI_Core\Simulator\Tut\Tut5\IARARM\ARM7TDMI_Core\Simulator\Tut\Tut5\IARARM\newforSalvo4.txt
F:\memsic\svn\DMU380\software\RtosSalvo\Example\ARM\ARM7TDMI_Core\Simulator\Tut\Tut5\IARARM\Lite
F:\memsic\svn\DMU380\software\RtosSalvo\Example\ARM\ARM7TDMI_Core\Simulator\Tut\Tut5\IARARM\Lite\ARM7TDMI_Core\Simulator\Tut\Tut5\IARARM\Lite\salvocfg.h
F:\memsic\svn\DMU380\software\RtosSalvo\Example\ARM\ARM7TDMI_Core\Simulator\Tut\Tut5\IARARM\Lite\ARM7TDMI_Core\Simulator\Tut\Tut5\IARARM\Lite\C\tut5lite.dep
F:\memsic\svn\DMU380\software\RtosSalvo\Example\ARM\ARM7TDMI_Core\Simulator\Tut\Tut5\IARARM\Lite\ARM7TDMI_Core\Simulator\Tut\Tut5\IARARM\Lite\C\tut5lite.ewp
F:\memsic\svn\DMU380\software\RtosSalvo\Example\ARM\ARM7TDMI_Core\Simulator\Tut\Tut5\IARARM\Lite\settings
F:\memsic\svn\DMU380\software\RtosSalvo\Example\ARM\ARM7TDMI_Core\Simulator\Tut\Tut5\IARARM\Lite\settings\ARM7TDMI_Core\Simulator\Tut\Tut5\IARARM\Lite\settings\C\tut5lite.cspy.bat
F:\memsic\svn\DMU380\software\RtosSalvo\Example\ARM\ARM7TDMI_Core\Simulator\Tut\Tut5\IARARM\Lite\settings\ARM7TDMI_Core\Simulator\Tut\Tut5\IARARM\Lite\settings\C\tut5lite.dbgdt
F:\memsic\svn\DMU380\software\RtosSalvo\Example\ARM\ARM7TDMI_Core\Simulator\Tut\Tut5\IARARM\Lite\settings\ARM7TDMI_Core\Simulator\Tut\Tut5\IARARM\Lite\settings\C\tut5lite.dni
F:\memsic\svn\DMU380\software\RtosSalvo\Example\ARM\Atmel_AT91SAM7S\Atmel_AT91SAM7S-EK
F:\memsic\svn\DMU380\software\RtosSalvo\Example\ARM\Atmel_AT91SAM7S\Atmel_AT91SAM7S-EK\Atmel_AT91SAM7S\Atmel_AT91SAM7S-EK\Board.h
F:\memsic\svn\DMU380\software\RtosSalvo\Example\ARM\Atmel_AT91SAM7S\Atmel_AT91SAM7S-EK\Tut
F:\memsic\svn\DMU380\software\RtosSalvo\Example\ARM\Atmel_AT91SAM7S\Atmel_AT91SAM7S-EK\Tut\Atmel_AT91SAM7S\Atmel_AT91SAM7S-EK\Tut\salvohook_interrupt_SAM7_IRQ.c
F:\memsic\svn\DMU380\software\RtosSalvo\Example\ARM\Atmel_AT91SAM7S\Atmel_AT91SAM7S-EK\Tut\Tut5\IARARM
F:\memsic\svn\DMU380\software\RtosSalvo\Example\ARM\Atmel_AT91SAM7S\Atmel_AT91SAM7S-EK\Tut\Tut5\IARARM\Atmel_AT91SAM7S\Atmel_AT91SAM7S-EK\Tut\Tut5\IARARM\tut5.c
F:\memsic\svn\DMU380\software\RtosSalvo\Example\ARM\Atmel_AT91SAM7S\Atmel_AT91SAM7S-EK\Tut\Tut5\IARARM\Atmel_AT91SAM7S\Atmel_AT91SAM7S-EK\Tut\Tut5\IARARM\init_SAM7.c
F:\memsic\svn\DMU380\software\RtosSalvo\Example\ARM\Atmel_AT91SAM7S\Atmel_AT91SAM7S-EK\Tut\Tut5\IARARM\Atmel_AT91SAM7S\Atmel_AT91SAM7S-EK\Tut\Tut5\IARARM\tut5.eww
F:\memsic\svn\DMU380\software\RtosSalvo\Example\ARM\Atmel_AT91SAM7S\Atmel_AT91SAM7S-EK\Tut\Tut5\IARARM\Atmel_AT91SAM7S\Atmel_AT91SAM7S-EK\Tut\Tut5\IARARM\abstract.txt
F:\memsic\svn\DMU380\software\RtosSalvo\Example\ARM\Atmel_AT91SAM7S\Atmel_AT91SAM7S-EK\Tut\Tut5\IARARM\Atmel_AT91SAM7S\Atmel_AT91SAM7S-EK\Tut\Tut5\IARARM\newforSalvo4.txt
F:\memsic\svn\DMU380\software\RtosSalvo\Example\ARM\Atmel_AT91SAM7S\Atmel_AT91SAM7S-EK\Tut\Tut5\IARARM\Lite
F:\memsic\svn\DMU380\software\RtosSalvo\Example\ARM\Atmel_AT91SAM7S\Atmel_AT91SAM7S-EK\Tut\Tut5\IARARM\Lite\Atmel_AT91SAM7S\Atmel_AT91SAM7S-EK\Tut\Tut5\IARARM\Lite\salvocfg.h
F:\memsic\svn\DMU380\software\RtosSalvo\Example\ARM\Atmel_AT91SAM7S\Atmel_AT91SAM7S-EK\Tut\Tut5\IARARM\Lite\Atmel_AT91SAM7S\Atmel_AT91SAM7S-EK\Tut\Tut5\IARARM\Lite\C\tut5lite.dep
F:\memsic\svn\DMU380\software\RtosSalvo\Example\ARM\Atmel_AT91SAM7S\Atmel_AT91SAM7S-EK\Tut\Tut5\IARARM\Lite\Atmel_AT91SAM7S\Atmel_AT91SAM7S-EK\Tut\Tut5\IARARM\Lite\C\tut5lite.ewd
F:\memsic\svn\DMU380\software\RtosSalvo\Example\ARM\Atmel_AT91SAM7S\Atmel_AT91SAM7S-EK\Tut\Tut5\IARARM\Lite\Atmel_AT91SAM7S\Atmel_AT91SAM7S-EK\Tut\Tut5\IARARM\Lite\C\tut5lite.ewp
F:\memsic\svn\DMU380\software\RtosSalvo\Example\ARM\Atmel_AT91SAM7S\Atmel_AT91SAM7S-EK\Tut\Tut5\IARARM\Lite\settings
F:\memsic\svn\DMU380\software\RtosSalvo\Example\ARM\Atmel_AT91SAM7S\Atmel_AT91SAM7S-EK\Tut\Tut5\IARARM\Lite\settings\Atmel_AT91SAM7S\Atmel_AT91SAM7S-EK\Tut\Tut5\IARARM\Lite\settings\C\tut5lite.cspy.bat
F:\memsic\svn\DMU380\software\RtosSalvo\Example\ARM\Atmel_AT91SAM7S\Atmel_AT91SAM7S-EK\Tut\Tut5\IARARM\Lite\settings\Atmel_AT91SAM7S\Atmel_AT91SAM7S-EK\Tut\Tut5\IARARM\Lite\settings\C\tut5lite.dbgdt
F:\memsic\svn\DMU380\software\RtosSalvo\Example\ARM\Atmel_AT91SAM7S\Atmel_AT91SAM7S-EK\Tut\Tut5\IARARM\Lite\settings\Atmel_AT91SAM7S\Atmel_AT91SAM7S-EK\Tut\Tut5\IARARM\Lite\settings\C\tut5lite.dni
F:\memsic\svn\DMU380\software\RtosSalvo\Example\ARM
F:\memsic\svn\DMU380\software\RtosSalvo\Doc\IARARM\
F:\memsic\svn\DMU380\software\RtosSalvo\Doc\IARARM\rm-iararm.pdf
F:\memsic\svn\DMU380\software\RtosSalvo\Doc\IARARM
F:\memsic\svn\DMU380\software\RtosSalvo\Doc
F:\memsic\svn\DMU380\software\RtosSalvo\Lib\IARARM-v5
F:\memsic\svn\DMU380\software\RtosSalvo\Lib\IARARM-v5\libsalvoliararm4bai-t.a
F:\memsic\svn\DMU380\software\RtosSalvo\Lib\IARARM-v5\libsalvoliararm4lai-t.a
F:\memsic\svn\DMU380\software\RtosSalvo\Lib\IARARM-v5\libsalvoliararm4bti-t.a
F:\memsic\svn\DMU380\software\RtosSalvo\Lib\IARARM-v5\libsalvoliararm4lti-t.a
F:\memsic\svn\DMU380\software\RtosSalvo\Lib\IARARM-v5
F:\memsic\svn\DMU380\software\RtosSalvo\Lib\IARARM-v5\libsalvoliararm4bai-t.a
F:\memsic\svn\DMU380\software\RtosSalvo\Lib\IARARM-v5\libsalvoliararm4lai-t.a
F:\memsic\svn\DMU380\software\RtosSalvo\Lib\IARARM-v5\libsalvoliararm4bti-t.a
F:\memsic\svn\DMU380\software\RtosSalvo\Lib\IARARM-v5\libsalvoliararm4lti-t.a
F:\memsic\svn\DMU380\software\RtosSalvo\Lib\IARARM
F:\memsic\svn\DMU380\software\RtosSalvo\Lib
F:\memsic\svn\DMU380\software\RtosSalvo\Example\ARM\ARM7TDMI_Core\Simulator\Tut\Tut5\IARARM\LE
F:\memsic\svn\DMU380\software\RtosSalvo\Example\ARM\ARM7TDMI_Core\Simulator\Tut\Tut5\IARARM\LE\ARM7TDMI_Core\Simulator\Tut\Tut5\IARARM\LE\salvocfg.h
F:\memsic\svn\DMU380\software\RtosSalvo\Example\ARM\ARM7TDMI_Core\Simulator\Tut\Tut5\IARARM\LE\ARM7TDMI_Core\Simulator\Tut\Tut5\IARARM\LE\C\tut5le.dep
F:\memsic\svn\DMU380\software\RtosSalvo\Example\ARM\ARM7TDMI_Core\Simulator\Tut\Tut5\IARARM\LE\ARM7TDMI_Core\Simulator\Tut\Tut5\IARARM\LE\C\tut5le.ewp
F:\memsic\svn\DMU380\software\RtosSalvo\Example\ARM\ARM7TDMI_Core\Simulator\Tut\Tut5\IARARM\LE\settings
F:\memsic\svn\DMU380\software\RtosSalvo\Example\ARM\ARM7TDMI_Core\Simulator\Tut\Tut5\IARARM\LE\settings\ARM7TDMI_Core\Simulator\Tut\Tut5\IARARM\LE\settings\C\tut5le.cspy.bat
F:\memsic\svn\DMU380\software\RtosSalvo\Example\ARM\ARM7TDMI_Core\Simulator\Tut\Tut5\IARARM\LE\settings\ARM7TDMI_Core\Simulator\Tut\Tut5\IARARM\LE\settings\C\tut5le.dbgdt
F:\memsic\svn\DMU380\software\RtosSalvo\Example\ARM\ARM7TDMI_Core\Simulator\Tut\Tut5\IARARM\LE\settings\ARM7TDMI_Core\Simulator\Tut\Tut5\IARARM\LE\settings\C\tut5le.dni
F:\memsic\svn\DMU380\software\RtosSalvo\Example\ARM\Atmel_AT91SAM7S\Atmel_AT91SAM7S-EK\Tut\Tut5\IARARM\LE
F:\memsic\svn\DMU380\software\RtosSalvo\Example\ARM\Atmel_AT91SAM7S\Atmel_AT91SAM7S-EK\Tut\Tut5\IARARM\LE\Atmel_AT91SAM7S\Atmel_AT91SAM7S-EK\Tut\Tut5\IARARM\LE\salvocfg.h
F:\memsic\svn\DMU380\software\RtosSalvo\Example\ARM\Atmel_AT91SAM7S\Atmel_AT91SAM7S-EK\Tut\Tut5\IARARM\LE\Atmel_AT91SAM7S\Atmel_AT91SAM7S-EK\Tut\Tut5\IARARM\LE\C\tut5le.dep
F:\memsic\svn\DMU380\software\RtosSalvo\Example\ARM\Atmel_AT91SAM7S\Atmel_AT91SAM7S-EK\Tut\Tut5\IARARM\LE\Atmel_AT91SAM7S\Atmel_AT91SAM7S-EK\Tut\Tut5\IARARM\LE\C\tut5le.ewd
F:\memsic\svn\DMU380\software\RtosSalvo\Example\ARM\Atmel_AT91SAM7S\Atmel_AT91SAM7S-EK\Tut\Tut5\IARARM\LE\Atmel_AT91SAM7S\Atmel_AT91SAM7S-EK\Tut\Tut5\IARARM\LE\C\tut5le.ewp
F:\memsic\svn\DMU380\software\RtosSalvo\Example\ARM\Atmel_AT91SAM7S\Atmel_AT91SAM7S-EK\Tut\Tut5\IARARM\LE\settings
F:\memsic\svn\DMU380\software\RtosSalvo\Example\ARM\Atmel_AT91SAM7S\Atmel_AT91SAM7S-EK\Tut\Tut5\IARARM\LE\settings\Atmel_AT91SAM7S\Atmel_AT91SAM7S-EK\Tut\Tut5\IARARM\LE\settings\C\tut5le.cspy.bat
F:\memsic\svn\DMU380\software\RtosSalvo\Example\ARM\Atmel_AT91SAM7S\Atmel_AT91SAM7S-EK\Tut\Tut5\IARARM\LE\settings\Atmel_AT91SAM7S\Atmel_AT91SAM7S-EK\Tut\Tut5\IARARM\LE\settings\C\tut5le.dbgdt
F:\memsic\svn\DMU380\software\RtosSalvo\Example\ARM\Atmel_AT91SAM7S\Atmel_AT91SAM7S-EK\Tut\Tut5\IARARM\LE\settings\Atmel_AT91SAM7S\Atmel_AT91SAM7S-EK\Tut\Tut5\IARARM\LE\settings\C\tut5le.dni
F:\memsic\svn\DMU380\software\RtosSalvo\Example\ARM
F:\memsic\svn\DMU380\software\RtosSalvo\Src\IARARM
F:\memsic\svn\DMU380\software\RtosSalvo\Src\IARARM\salvoportiararm.s79
F:\memsic\svn\DMU380\software\RtosSalvo\Src\IARARM
F:\memsic\svn\DMU380\software\RtosSalvo\Src
F:\memsic\svn\DMU380\software\RtosSalvo\Src\Make\IARARM
F:\memsic\svn\DMU380\software\RtosSalvo\Src\Make\IARARM\Makefile
F:\memsic\svn\DMU380\software\RtosSalvo\Src\Make\IARARM\targets.mk
F:\memsic\svn\DMU380\software\RtosSalvo\Src\Make\IARARM
F:\memsic\svn\DMU380\software\RtosSalvo\Src\Make
F:\memsic\svn\DMU380\software\RtosSalvo\Src\
F:\memsic\svn\DMU380\software\RtosSalvo\Lib\IARARM-v5
F:\memsic\svn\DMU380\software\RtosSalvo\Lib\IARARM-v5\libsalvoliararm4baiit.a
F:\memsic\svn\DMU380\software\RtosSalvo\Lib\IARARM-v5\libsalvoliararm4laiit.a
F:\memsic\svn\DMU380\software\RtosSalvo\Lib\IARARM-v5\libsalvoliararm4btiit.a
F:\memsic\svn\DMU380\software\RtosSalvo\Lib\IARARM-v5\libsalvoliararm4ltiit.a
F:\memsic\svn\DMU380\software\RtosSalvo\Lib\IARARM-v6
F:\memsic\svn\DMU380\software\RtosSalvo\Lib\IARARM-v6\libsalvoliararm4baiit.a
F:\memsic\svn\DMU380\software\RtosSalvo\Lib\IARARM-v6\libsalvoliararm4laiit.a
F:\memsic\svn\DMU380\software\RtosSalvo\Lib\IARARM-v6\libsalvoliararm4btiit.a
F:\memsic\svn\DMU380\software\RtosSalvo\Lib\IARARM-v6\libsalvoliararm4ltiit.a
F:\memsic\svn\DMU380\software\RtosSalvo\Lib\IARARM
F:\memsic\svn\DMU380\software\RtosSalvo\Lib
F:\memsic\svn\DMU380\software\RtosSalvo\Example\ARM\Atmel_AT91SAM7S\Atmel_AT91SAM7S-EK\Rowley_CSARM\Tut\Tut5\Pro
F:\memsic\svn\DMU380\software\RtosSalvo\Example\ARM\ARM7TDMI_Core\Simulator\Tut\Tut5\IARARM\Pro
F:\memsic\svn\DMU380\software\RtosSalvo\Example\ARM\ARM7TDMI_Core\Simulator\Tut\Tut5\IARARM\Pro\ARM7TDMI_Core\Simulator\Tut\Tut5\IARARM\Pro\salvocfg.h
F:\memsic\svn\DMU380\software\RtosSalvo\Example\ARM\ARM7TDMI_Core\Simulator\Tut\Tut5\IARARM\Pro\ARM7TDMI_Core\Simulator\Tut\Tut5\IARARM\Pro\C\tut5pro.dep
F:\memsic\svn\DMU380\software\RtosSalvo\Example\ARM\ARM7TDMI_Core\Simulator\Tut\Tut5\IARARM\Pro\ARM7TDMI_Core\Simulator\Tut\Tut5\IARARM\Pro\C\tut5pro.ewp
F:\memsic\svn\DMU380\software\RtosSalvo\Example\ARM\ARM7TDMI_Core\Simulator\Tut\Tut5\IARARM\Pro\settings
F:\memsic\svn\DMU380\software\RtosSalvo\Example\ARM\ARM7TDMI_Core\Simulator\Tut\Tut5\IARARM\Pro\settings\ARM7TDMI_Core\Simulator\Tut\Tut5\IARARM\Pro\settings\C\tut5pro.cspy.bat
F:\memsic\svn\DMU380\software\RtosSalvo\Example\ARM\ARM7TDMI_Core\Simulator\Tut\Tut5\IARARM\Pro\settings\ARM7TDMI_Core\Simulator\Tut\Tut5\IARARM\Pro\settings\C\tut5pro.dbgdt
F:\memsic\svn\DMU380\software\RtosSalvo\Example\ARM\ARM7TDMI_Core\Simulator\Tut\Tut5\IARARM\Pro\settings\ARM7TDMI_Core\Simulator\Tut\Tut5\IARARM\Pro\settings\C\tut5pro.dni
F:\memsic\svn\DMU380\software\RtosSalvo\Example\ARM\ARM7TDMI_Core\Simulator\Tut\Tut5\IARARM\Pro-Lib
F:\memsic\svn\DMU380\software\RtosSalvo\Example\ARM\ARM7TDMI_Core\Simulator\Tut\Tut5\IARARM\Pro-Lib\ARM7TDMI_Core\Simulator\Tut\Tut5\IARARM\Pro-Lib\salvocfg.h
F:\memsic\svn\DMU380\software\RtosSalvo\Example\ARM\ARM7TDMI_Core\Simulator\Tut\Tut5\IARARM\Pro-Lib\ARM7TDMI_Core\Simulator\Tut\Tut5\IARARM\Pro-Lib\C\tut5pro-lib.dep
F:\memsic\svn\DMU380\software\RtosSalvo\Example\ARM\ARM7TDMI_Core\Simulator\Tut\Tut5\IARARM\Pro-Lib\ARM7TDMI_Core\Simulator\Tut\Tut5\IARARM\Pro-Lib\C\tut5pro-lib.ewp
F:\memsic\svn\DMU380\software\RtosSalvo\Example\ARM\ARM7TDMI_Core\Simulator\Tut\Tut5\IARARM\Pro-Lib\settings
F:\memsic\svn\DMU380\software\RtosSalvo\Example\ARM\ARM7TDMI_Core\Simulator\Tut\Tut5\IARARM\Pro-Lib\settings\ARM7TDMI_Core\Simulator\Tut\Tut5\IARARM\Pro-Lib\settings\C\tut5pro-lib.cspy.bat
F:\memsic\svn\DMU380\software\RtosSalvo\Example\ARM\ARM7TDMI_Core\Simulator\Tut\Tut5\IARARM\Pro-Lib\settings\ARM7TDMI_Core\Simulator\Tut\Tut5\IARARM\Pro-Lib\settings\C\tut5pro-lib.dbgdt
F:\memsic\svn\DMU380\software\RtosSalvo\Example\ARM\ARM7TDMI_Core\Simulator\Tut\Tut5\IARARM\Pro-Lib\settings\ARM7TDMI_Core\Simulator\Tut\Tut5\IARARM\Pro-Lib\settings\C\tut5pro-lib.dni
F:\memsic\svn\DMU380\software\RtosSalvo\Example\ARM\Atmel_AT91SAM7S\Atmel_AT91SAM7S-EK\Tut\Tut5\IARARM\Pro
F:\memsic\svn\DMU380\software\RtosSalvo\Example\ARM\Atmel_AT91SAM7S\Atmel_AT91SAM7S-EK\Tut\Tut5\IARARM\Pro\Atmel_AT91SAM7S\Atmel_AT91SAM7S-EK\Tut\Tut5\IARARM\Pro\salvocfg.h
F:\memsic\svn\DMU380\software\RtosSalvo\Example\ARM\Atmel_AT91SAM7S\Atmel_AT91SAM7S-EK\Tut\Tut5\IARARM\Pro\Atmel_AT91SAM7S\Atmel_AT91SAM7S-EK\Tut\Tut5\IARARM\Pro\C\tut5pro.dep
F:\memsic\svn\DMU380\software\RtosSalvo\Example\ARM\Atmel_AT91SAM7S\Atmel_AT91SAM7S-EK\Tut\Tut5\IARARM\Pro\Atmel_AT91SAM7S\Atmel_AT91SAM7S-EK\Tut\Tut5\IARARM\Pro\C\tut5pro.ewd
F:\memsic\svn\DMU380\software\RtosSalvo\Example\ARM\Atmel_AT91SAM7S\Atmel_AT91SAM7S-EK\Tut\Tut5\IARARM\Pro\Atmel_AT91SAM7S\Atmel_AT91SAM7S-EK\Tut\Tut5\IARARM\Pro\C\tut5pro.ewp
F:\memsic\svn\DMU380\software\RtosSalvo\Example\ARM\Atmel_AT91SAM7S\Atmel_AT91SAM7S-EK\Tut\Tut5\IARARM\Pro\settings
F:\memsic\svn\DMU380\software\RtosSalvo\Example\ARM\Atmel_AT91SAM7S\Atmel_AT91SAM7S-EK\Tut\Tut5\IARARM\Pro\settings\Atmel_AT91SAM7S\Atmel_AT91SAM7S-EK\Tut\Tut5\IARARM\Pro\settings\C\tut5pro.cspy.bat
F:\memsic\svn\DMU380\software\RtosSalvo\Example\ARM\Atmel_AT91SAM7S\Atmel_AT91SAM7S-EK\Tut\Tut5\IARARM\Pro\settings\Atmel_AT91SAM7S\Atmel_AT91SAM7S-EK\Tut\Tut5\IARARM\Pro\settings\C\tut5pro.dbgdt
F:\memsic\svn\DMU380\software\RtosSalvo\Example\ARM\Atmel_AT91SAM7S\Atmel_AT91SAM7S-EK\Tut\Tut5\IARARM\Pro\settings\Atmel_AT91SAM7S\Atmel_AT91SAM7S-EK\Tut\Tut5\IARARM\Pro\settings\C\tut5pro.dni
F:\memsic\svn\DMU380\software\RtosSalvo\Example\ARM\Atmel_AT91SAM7S\Atmel_AT91SAM7S-EK\Tut\Tut5\IARARM\Pro-Lib
F:\memsic\svn\DMU380\software\RtosSalvo\Example\ARM\Atmel_AT91SAM7S\Atmel_AT91SAM7S-EK\Tut\Tut5\IARARM\Pro-Lib\Atmel_AT91SAM7S\Atmel_AT91SAM7S-EK\Tut\Tut5\IARARM\Pro-Lib\salvocfg.h
F:\memsic\svn\DMU380\software\RtosSalvo\Example\ARM\Atmel_AT91SAM7S\Atmel_AT91SAM7S-EK\Tut\Tut5\IARARM\Pro-Lib\Atmel_AT91SAM7S\Atmel_AT91SAM7S-EK\Tut\Tut5\IARARM\Pro-Lib\C\tut5pro-lib.dep
F:\memsic\svn\DMU380\software\RtosSalvo\Example\ARM\Atmel_AT91SAM7S\Atmel_AT91SAM7S-EK\Tut\Tut5\IARARM\Pro-Lib\Atmel_AT91SAM7S\Atmel_AT91SAM7S-EK\Tut\Tut5\IARARM\Pro-Lib\C\tut5pro-lib.ewd
F:\memsic\svn\DMU380\software\RtosSalvo\Example\ARM\Atmel_AT91SAM7S\Atmel_AT91SAM7S-EK\Tut\Tut5\IARARM\Pro-Lib\Atmel_AT91SAM7S\Atmel_AT91SAM7S-EK\Tut\Tut5\IARARM\Pro-Lib\C\tut5pro-lib.ewp
F:\memsic\svn\DMU380\software\RtosSalvo\Example\ARM\Atmel_AT91SAM7S\Atmel_AT91SAM7S-EK\Tut\Tut5\IARARM\Pro-Lib\settings
F:\memsic\svn\DMU380\software\RtosSalvo\Example\ARM\Atmel_AT91SAM7S\Atmel_AT91SAM7S-EK\Tut\Tut5\IARARM\Pro-Lib\settings\Atmel_AT91SAM7S\Atmel_AT91SAM7S-EK\Tut\Tut5\IARARM\Pro-Lib\settings\C\tut5pro-lib.cspy.bat
F:\memsic\svn\DMU380\software\RtosSalvo\Example\ARM\Atmel_AT91SAM7S\Atmel_AT91SAM7S-EK\Tut\Tut5\IARARM\Pro-Lib\settings\Atmel_AT91SAM7S\Atmel_AT91SAM7S-EK\Tut\Tut5\IARARM\Pro-Lib\settings\C\tut5pro-lib.dbgdt
F:\memsic\svn\DMU380\software\RtosSalvo\Example\ARM\Atmel_AT91SAM7S\Atmel_AT91SAM7S-EK\Tut\Tut5\IARARM\Pro-Lib\settings\Atmel_AT91SAM7S\Atmel_AT91SAM7S-EK\Tut\Tut5\IARARM\Pro-Lib\settings\C\tut5pro-lib.dni
F:\memsic\svn\DMU380\software\RtosSalvo\Example\ARM\ARM7TDMI_Core\Simulator\Test\Test40\IARARM
F:\memsic\svn\DMU380\software\RtosSalvo\Example\ARM\ARM7TDMI_Core\Simulator\Test\Test40\IARARM\ARM7TDMI_Core\Simulator\Test\Test40\IARARM\main.c
F:\memsic\svn\DMU380\software\RtosSalvo\Example\ARM\ARM7TDMI_Core\Simulator\Test\Test40\IARARM\ARM7TDMI_Core\Simulator\Test\Test40\IARARM\main.h
F:\memsic\svn\DMU380\software\RtosSalvo\Example\ARM\ARM7TDMI_Core\Simulator\Test\Test40\IARARM\ARM7TDMI_Core\Simulator\Test\Test40\IARARM\abstract.txt
F:\memsic\svn\DMU380\software\RtosSalvo\Example\ARM\ARM7TDMI_Core\Simulator\Test\Test40\IARARM\ARM7TDMI_Core\Simulator\Test\Test40\IARARM\test40.eww
F:\memsic\svn\DMU380\software\RtosSalvo\Example\ARM\ARM7TDMI_Core\Simulator\Test\Test40\IARARM\Pro
F:\memsic\svn\DMU380\software\RtosSalvo\Example\ARM\ARM7TDMI_Core\Simulator\Test\Test40\IARARM\Pro\ARM7TDMI_Core\Simulator\Test\Test40\IARARM\Pro\salvocfg.h
F:\memsic\svn\DMU380\software\RtosSalvo\Example\ARM\ARM7TDMI_Core\Simulator\Test\Test40\IARARM\Pro\ARM7TDMI_Core\Simulator\Test\Test40\IARARM\Pro\C\test40pro.dep
F:\memsic\svn\DMU380\software\RtosSalvo\Example\ARM\ARM7TDMI_Core\Simulator\Test\Test40\IARARM\Pro\ARM7TDMI_Core\Simulator\Test\Test40\IARARM\Pro\C\test40pro.ewd
F:\memsic\svn\DMU380\software\RtosSalvo\Example\ARM\ARM7TDMI_Core\Simulator\Test\Test40\IARARM\Pro\ARM7TDMI_Core\Simulator\Test\Test40\IARARM\Pro\C\test40pro.ewp
F:\memsic\svn\DMU380\software\RtosSalvo\Example\ARM\ARM7TDMI_Core\Simulator\Test\Test40\IARARM\Pro\settings
F:\memsic\svn\DMU380\software\RtosSalvo\Example\ARM\ARM7TDMI_Core\Simulator\Test\Test40\IARARM\Pro\settings\ARM7TDMI_Core\Simulator\Test\Test40\IARARM\Pro\settings\C\test40pro.cspy.bat
F:\memsic\svn\DMU380\software\RtosSalvo\Example\ARM\ARM7TDMI_Core\Simulator\Test\Test40\IARARM\Pro\settings\ARM7TDMI_Core\Simulator\Test\Test40\IARARM\Pro\settings\C\test40pro.dbgdt
F:\memsic\svn\DMU380\software\RtosSalvo\Example\ARM\ARM7TDMI_Core\Simulator\Test\Test40\IARARM\Pro\settings\ARM7TDMI_Core\Simulator\Test\Test40\IARARM\Pro\settings\C\test40pro.dni
F:\memsic\svn\DMU380\software\RtosSalvo\Example\ARM
F:\memsic\svn\DMU380\software\RtosSalvo\Example\ARM
F:\memsic\svn\DMU380\software\RtosSalvo\Example\ARM
F:\memsic\svn\DMU380\software\RtosSalvo\Example\ARM
F:\memsic\svn\DMU380\software\RtosSalvo\Inc\ARMRV
F:\memsic\svn\DMU380\software\RtosSalvo\Inc\ARMRV\salvoportarmrv.h
F:\memsic\svn\DMU380\software\RtosSalvo\Inc\ARMRV
F:\memsic\svn\DMU380\software\RtosSalvo\Inc
F:\memsic\svn\DMU380\software\RtosSalvo\Src\ARMRV
F:\memsic\svn\DMU380\software\RtosSalvo\Src\ARMRV\salvohook_interrupt_cm3.c
F:\memsic\svn\DMU380\software\RtosSalvo\Src\ARMRV\salvohook_interrupt_AT91SAM7S_IRQ.c
F:\memsic\svn\DMU380\software\RtosSalvo\Src\ARMRV\salvohook_interrupt_AT91SAM7S_PITC.c
F:\memsic\svn\DMU380\software\RtosSalvo\Src\ARMRV
F:\memsic\svn\DMU380\software\RtosSalvo\Src
F:\memsic\svn\DMU380\software\RtosSalvo\Lib\ARMRV
F:\memsic\svn\DMU380\software\RtosSalvo\Lib\ARMRV
F:\memsic\svn\DMU380\software\RtosSalvo\Lib
F:\memsic\svn\DMU380\software\RtosSalvo\Example\ARM\Luminary_LM3S1XX\Luminary_DK-LM3S1XX
F:\memsic\svn\DMU380\software\RtosSalvo\Example\ARM\Luminary_LM3S1XX\Luminary_DK-LM3S1XX\Luminary_LM3S1XX\Luminary_DK-LM3S1XX\Tut\Tut5\board.h
F:\memsic\svn\DMU380\software\RtosSalvo\Example\ARM\Luminary_LM3S1XX\Luminary_DK-LM3S1XX\Luminary_LM3S1XX\Luminary_DK-LM3S1XX\Tut\Tut5\pdc.c
F:\memsic\svn\DMU380\software\RtosSalvo\Example\ARM\Luminary_LM3S1XX\Luminary_DK-LM3S1XX\Luminary_LM3S1XX\Luminary_DK-LM3S1XX\Tut\Tut5\pdc.h
F:\memsic\svn\DMU380\software\RtosSalvo\Example\ARM\Luminary_LM3S1XX\Luminary_DK-LM3S1XX\Luminary_LM3S1XX\Luminary_DK-LM3S1XX\Tut\Tut5\cm3-salvo-porting-notes.txt
F:\memsic\svn\DMU380\software\RtosSalvo\Example\ARM\Luminary_LM3S1XX\Luminary_DK-LM3S1XX\Tut\Tut5\RVMDK
F:\memsic\svn\DMU380\software\RtosSalvo\Example\ARM\Luminary_LM3S1XX\Luminary_DK-LM3S1XX\Tut\Tut5\RVMDK\Luminary_LM3S1XX\Luminary_DK-LM3S1XX\Tut\Tut5\RVMDK\newforSalvo4.txt
F:\memsic\svn\DMU380\software\RtosSalvo\Example\ARM\Luminary_LM3S1XX\Luminary_DK-LM3S1XX\Tut\Tut5\RVMDK\Luminary_LM3S1XX\Luminary_DK-LM3S1XX\Tut\Tut5\RVMDK\readme.txt
F:\memsic\svn\DMU380\software\RtosSalvo\Example\ARM\Luminary_LM3S1XX\Luminary_DK-LM3S1XX\Tut\Tut5\RVMDK\Luminary_LM3S1XX\Luminary_DK-LM3S1XX\Tut\Tut5\RVMDK\Startup.s
F:\memsic\svn\DMU380\software\RtosSalvo\Example\ARM\Luminary_LM3S1XX\Luminary_DK-LM3S1XX\Tut\Tut5\RVMDK\Luminary_LM3S1XX\Luminary_DK-LM3S1XX\Tut\Tut5\RVMDK\timer.c
F:\memsic\svn\DMU380\software\RtosSalvo\Example\ARM\Luminary_LM3S1XX\Luminary_DK-LM3S1XX\Tut\Tut5\RVMDK\Luminary_LM3S1XX\Luminary_DK-LM3S1XX\Tut\Tut5\RVMDK\tut5.c
F:\memsic\svn\DMU380\software\RtosSalvo\Example\ARM\Luminary_LM3S1XX\Luminary_DK-LM3S1XX\Tut\Tut5\RVMDK\Lite
F:\memsic\svn\DMU380\software\RtosSalvo\Example\ARM\Luminary_LM3S1XX\Luminary_DK-LM3S1XX\Tut\Tut5\RVMDK\Lite\Luminary_LM3S1XX\Luminary_DK-LM3S1XX\Tut\Tut5\RVMDK\Lite\salvocfg.h
F:\memsic\svn\DMU380\software\RtosSalvo\Example\ARM\Luminary_LM3S1XX\Luminary_DK-LM3S1XX\Tut\Tut5\RVMDK\Lite\Luminary_LM3S1XX\Luminary_DK-LM3S1XX\Tut\Tut5\RVMDK\Lite\tut5lite.Opt
F:\memsic\svn\DMU380\software\RtosSalvo\Example\ARM\Luminary_LM3S1XX\Luminary_DK-LM3S1XX\Tut\Tut5\RVMDK\Lite\Luminary_LM3S1XX\Luminary_DK-LM3S1XX\Tut\Tut5\RVMDK\Lite\tut5lite.Uv2
F:\memsic\svn\DMU380\software\RtosSalvo\Example\ARM\Atmel_AT91SAM7S\Atmel_AT91SAM7S-EK
F:\memsic\svn\DMU380\software\RtosSalvo\Example\ARM\Atmel_AT91SAM7S\Atmel_AT91SAM7S-EK\Atmel_AT91SAM7S\Atmel_AT91SAM7S-EK\Tut\Tut5\Board.h
F:\memsic\svn\DMU380\software\RtosSalvo\Example\ARM\Atmel_AT91SAM7S\Atmel_AT91SAM7S-EK\Tut\Tut5\RVMDK
F:\memsic\svn\DMU380\software\RtosSalvo\Example\ARM\Atmel_AT91SAM7S\Atmel_AT91SAM7S-EK\Tut\Tut5\RVMDK\Atmel_AT91SAM7S\Atmel_AT91SAM7S-EK\Tut\Tut5\RVMDK\newforSalvo4.txt
F:\memsic\svn\DMU380\software\RtosSalvo\Example\ARM\Atmel_AT91SAM7S\Atmel_AT91SAM7S-EK\Tut\Tut5\RVMDK\Atmel_AT91SAM7S\Atmel_AT91SAM7S-EK\Tut\Tut5\RVMDK\readme.txt
F:\memsic\svn\DMU380\software\RtosSalvo\Example\ARM\Atmel_AT91SAM7S\Atmel_AT91SAM7S-EK\Tut\Tut5\RVMDK\Atmel_AT91SAM7S\Atmel_AT91SAM7S-EK\Tut\Tut5\RVMDK\SAM7.s
F:\memsic\svn\DMU380\software\RtosSalvo\Example\ARM\Atmel_AT91SAM7S\Atmel_AT91SAM7S-EK\Tut\Tut5\RVMDK\Atmel_AT91SAM7S\Atmel_AT91SAM7S-EK\Tut\Tut5\RVMDK\Time.c
F:\memsic\svn\DMU380\software\RtosSalvo\Example\ARM\Atmel_AT91SAM7S\Atmel_AT91SAM7S-EK\Tut\Tut5\RVMDK\Atmel_AT91SAM7S\Atmel_AT91SAM7S-EK\Tut\Tut5\RVMDK\Serial.c
F:\memsic\svn\DMU380\software\RtosSalvo\Example\ARM\Atmel_AT91SAM7S\Atmel_AT91SAM7S-EK\Tut\Tut5\RVMDK\Atmel_AT91SAM7S\Atmel_AT91SAM7S-EK\Tut\Tut5\RVMDK\Retarget.c
F:\memsic\svn\DMU380\software\RtosSalvo\Example\ARM\Atmel_AT91SAM7S\Atmel_AT91SAM7S-EK\Tut\Tut5\RVMDK\Atmel_AT91SAM7S\Atmel_AT91SAM7S-EK\Tut\Tut5\RVMDK\tut5.c
F:\memsic\svn\DMU380\software\RtosSalvo\Example\ARM\Atmel_AT91SAM7S\Atmel_AT91SAM7S-EK\Tut\Tut5\RVMDK\Lite
F:\memsic\svn\DMU380\software\RtosSalvo\Example\ARM\Atmel_AT91SAM7S\Atmel_AT91SAM7S-EK\Tut\Tut5\RVMDK\Lite\Atmel_AT91SAM7S\Atmel_AT91SAM7S-EK\Tut\Tut5\RVMDK\Lite\salvocfg.h
F:\memsic\svn\DMU380\software\RtosSalvo\Example\ARM\Atmel_AT91SAM7S\Atmel_AT91SAM7S-EK\Tut\Tut5\RVMDK\Lite\Atmel_AT91SAM7S\Atmel_AT91SAM7S-EK\Tut\Tut5\RVMDK\Lite\tut5lite.Opt
F:\memsic\svn\DMU380\software\RtosSalvo\Example\ARM\Atmel_AT91SAM7S\Atmel_AT91SAM7S-EK\Tut\Tut5\RVMDK\Lite\Atmel_AT91SAM7S\Atmel_AT91SAM7S-EK\Tut\Tut5\RVMDK\Lite\tut5lite.Uv2
F:\memsic\svn\DMU380\software\RtosSalvo\Example\ARM
F:\memsic\svn\DMU380\software\RtosSalvo\Doc\ARMRV\
F:\memsic\svn\DMU380\software\RtosSalvo\Doc\ARMRV\GSG-STELLARIS-KRVMDK-ARM.pdf
F:\memsic\svn\DMU380\software\RtosSalvo\Doc\ARMRV
F:\memsic\svn\DMU380\software\RtosSalvo\Doc
F:\memsic\svn\DMU380\software\RtosSalvo\Lib\ARMRV
F:\memsic\svn\DMU380\software\RtosSalvo\Lib\ARMRV
F:\memsic\svn\DMU380\software\RtosSalvo\Lib
F:\memsic\svn\DMU380\software\RtosSalvo\Example\ARM\Luminary_LM3S1XX\Luminary_DK-LM3S1XX\Tut\Tut5\RVMDK\LE
F:\memsic\svn\DMU380\software\RtosSalvo\Example\ARM\Luminary_LM3S1XX\Luminary_DK-LM3S1XX\Tut\Tut5\RVMDK\LE\Luminary_LM3S1XX\Luminary_DK-LM3S1XX\Tut\Tut5\RVMDK\LE\salvocfg.h
F:\memsic\svn\DMU380\software\RtosSalvo\Example\ARM\Luminary_LM3S1XX\Luminary_DK-LM3S1XX\Tut\Tut5\RVMDK\LE\Luminary_LM3S1XX\Luminary_DK-LM3S1XX\Tut\Tut5\RVMDK\LE\tut5le.Opt
F:\memsic\svn\DMU380\software\RtosSalvo\Example\ARM\Luminary_LM3S1XX\Luminary_DK-LM3S1XX\Tut\Tut5\RVMDK\LE\Luminary_LM3S1XX\Luminary_DK-LM3S1XX\Tut\Tut5\RVMDK\LE\tut5le.Uv2
F:\memsic\svn\DMU380\software\RtosSalvo\Example\ARM\Atmel_AT91SAM7S\Atmel_AT91SAM7S-EK\Tut\Tut5\RVMDK\LE
F:\memsic\svn\DMU380\software\RtosSalvo\Example\ARM\Atmel_AT91SAM7S\Atmel_AT91SAM7S-EK\Tut\Tut5\RVMDK\LE\Atmel_AT91SAM7S\Atmel_AT91SAM7S-EK\Tut\Tut5\RVMDK\LE\salvocfg.h
F:\memsic\svn\DMU380\software\RtosSalvo\Example\ARM\Atmel_AT91SAM7S\Atmel_AT91SAM7S-EK\Tut\Tut5\RVMDK\LE\Atmel_AT91SAM7S\Atmel_AT91SAM7S-EK\Tut\Tut5\RVMDK\LE\tut5le.Opt
F:\memsic\svn\DMU380\software\RtosSalvo\Example\ARM\Atmel_AT91SAM7S\Atmel_AT91SAM7S-EK\Tut\Tut5\RVMDK\LE\Atmel_AT91SAM7S\Atmel_AT91SAM7S-EK\Tut\Tut5\RVMDK\LE\tut5le.Uv2
F:\memsic\svn\DMU380\software\RtosSalvo\Example\ARM
F:\memsic\svn\DMU380\software\RtosSalvo\Src\ARMRV
F:\memsic\svn\DMU380\software\RtosSalvo\Src\ARMRV\salvoportarmrvcm3.s
F:\memsic\svn\DMU380\software\RtosSalvo\Src\ARMRV\salvoportarmrv4.s
F:\memsic\svn\DMU380\software\RtosSalvo\Src\ARMRV
F:\memsic\svn\DMU380\software\RtosSalvo\Src
F:\memsic\svn\DMU380\software\RtosSalvo\Src\Make\ARMRV
F:\memsic\svn\DMU380\software\RtosSalvo\Src\Make\ARMRV\Makefile
F:\memsic\svn\DMU380\software\RtosSalvo\Src\Make\ARMRV\targets.mk
F:\memsic\svn\DMU380\software\RtosSalvo\Src\Make\ARMRV
F:\memsic\svn\DMU380\software\RtosSalvo\Src\Make
F:\memsic\svn\DMU380\software\RtosSalvo\Src\
F:\memsic\svn\DMU380\software\RtosSalvo\Lib\ARMRV
F:\memsic\svn\DMU380\software\RtosSalvo\Lib\ARMRV
F:\memsic\svn\DMU380\software\RtosSalvo\Lib
F:\memsic\svn\DMU380\software\RtosSalvo\Example\ARM\Luminary_LM3S1XX\Luminary_DK-LM3S1XX\Tut\Tut5\RVMDK\Pro
F:\memsic\svn\DMU380\software\RtosSalvo\Example\ARM\Luminary_LM3S1XX\Luminary_DK-LM3S1XX\Tut\Tut5\RVMDK\Pro\Luminary_LM3S1XX\Luminary_DK-LM3S1XX\Tut\Tut5\RVMDK\Pro\salvocfg.h
F:\memsic\svn\DMU380\software\RtosSalvo\Example\ARM\Luminary_LM3S1XX\Luminary_DK-LM3S1XX\Tut\Tut5\RVMDK\Pro\Luminary_LM3S1XX\Luminary_DK-LM3S1XX\Tut\Tut5\RVMDK\Pro\tut5pro.Opt
F:\memsic\svn\DMU380\software\RtosSalvo\Example\ARM\Luminary_LM3S1XX\Luminary_DK-LM3S1XX\Tut\Tut5\RVMDK\Pro\Luminary_LM3S1XX\Luminary_DK-LM3S1XX\Tut\Tut5\RVMDK\Pro\tut5pro.Uv2
F:\memsic\svn\DMU380\software\RtosSalvo\Example\ARM\Luminary_LM3S1XX\Luminary_DK-LM3S1XX\Tut\Tut5\RVMDK\Pro-lib
F:\memsic\svn\DMU380\software\RtosSalvo\Example\ARM\Luminary_LM3S1XX\Luminary_DK-LM3S1XX\Tut\Tut5\RVMDK\Pro-lib\Luminary_LM3S1XX\Luminary_DK-LM3S1XX\Tut\Tut5\RVMDK\Pro-lib\salvocfg.h
F:\memsic\svn\DMU380\software\RtosSalvo\Example\ARM\Luminary_LM3S1XX\Luminary_DK-LM3S1XX\Tut\Tut5\RVMDK\Pro-lib\Luminary_LM3S1XX\Luminary_DK-LM3S1XX\Tut\Tut5\RVMDK\Pro-lib\tut5prolib.Opt
F:\memsic\svn\DMU380\software\RtosSalvo\Example\ARM\Luminary_LM3S1XX\Luminary_DK-LM3S1XX\Tut\Tut5\RVMDK\Pro-lib\Luminary_LM3S1XX\Luminary_DK-LM3S1XX\Tut\Tut5\RVMDK\Pro-lib\tut5prolib.Uv2
F:\memsic\svn\DMU380\software\RtosSalvo\Example\ARM\Atmel_AT91SAM7S\Atmel_AT91SAM7S-EK\Tut\Tut5\RVMDK\Pro
F:\memsic\svn\DMU380\software\RtosSalvo\Example\ARM\Atmel_AT91SAM7S\Atmel_AT91SAM7S-EK\Tut\Tut5\RVMDK\Pro\Atmel_AT91SAM7S\Atmel_AT91SAM7S-EK\Tut\Tut5\RVMDK\Pro\salvocfg.h
F:\memsic\svn\DMU380\software\RtosSalvo\Example\ARM\Atmel_AT91SAM7S\Atmel_AT91SAM7S-EK\Tut\Tut5\RVMDK\Pro\Atmel_AT91SAM7S\Atmel_AT91SAM7S-EK\Tut\Tut5\RVMDK\Pro\tut5pro.Opt
F:\memsic\svn\DMU380\software\RtosSalvo\Example\ARM\Atmel_AT91SAM7S\Atmel_AT91SAM7S-EK\Tut\Tut5\RVMDK\Pro\Atmel_AT91SAM7S\Atmel_AT91SAM7S-EK\Tut\Tut5\RVMDK\Pro\tut5pro.Uv2
F:\memsic\svn\DMU380\software\RtosSalvo\Example\ARM\Atmel_AT91SAM7S\Atmel_AT91SAM7S-EK\Tut\Tut5\RVMDK\Pro-lib
F:\memsic\svn\DMU380\software\RtosSalvo\Example\ARM\Atmel_AT91SAM7S\Atmel_AT91SAM7S-EK\Tut\Tut5\RVMDK\Pro-lib\Atmel_AT91SAM7S\Atmel_AT91SAM7S-EK\Tut\Tut5\RVMDK\Pro-lib\salvocfg.h
F:\memsic\svn\DMU380\software\RtosSalvo\Example\ARM\Atmel_AT91SAM7S\Atmel_AT91SAM7S-EK\Tut\Tut5\RVMDK\Pro-lib\Atmel_AT91SAM7S\Atmel_AT91SAM7S-EK\Tut\Tut5\RVMDK\Pro-lib\tut5prolib.Opt
F:\memsic\svn\DMU380\software\RtosSalvo\Example\ARM\Atmel_AT91SAM7S\Atmel_AT91SAM7S-EK\Tut\Tut5\RVMDK\Pro-lib\Atmel_AT91SAM7S\Atmel_AT91SAM7S-EK\Tut\Tut5\RVMDK\Pro-lib\tut5prolib.Uv2
F:\memsic\svn\DMU380\software\RtosSalvo\Example\ARM
F:\memsic\svn\DMU380\software\RtosSalvo\Example\ARM
F:\memsic\svn\DMU380\software\RtosSalvo\Example\ARM
F:\memsic\svn\DMU380\software\RtosSalvo\Example\ARM
F:\memsic\svn\DMU380\software\RtosSalvo\Inc
F:\memsic\svn\DMU380\software\RtosSalvo\Inc\salvo.h
F:\memsic\svn\DMU380\software\RtosSalvo\Inc\salvoadc.h
F:\memsic\svn\DMU380\software\RtosSalvo\Inc\salvocri.h
F:\memsic\svn\DMU380\software\RtosSalvo\Inc\salvoctx.h
F:\memsic\svn\DMU380\software\RtosSalvo\Inc\salvodef.h
F:\memsic\svn\DMU380\software\RtosSalvo\Inc\salvofpt.h
F:\memsic\svn\DMU380\software\RtosSalvo\Inc\salvolbo.h
F:\memsic\svn\DMU380\software\RtosSalvo\Inc\salvolib.h
F:\memsic\svn\DMU380\software\RtosSalvo\Inc\salvoloc.h
F:\memsic\svn\DMU380\software\RtosSalvo\Inc\salvolvl.h
F:\memsic\svn\DMU380\software\RtosSalvo\Inc\salvomac.h
F:\memsic\svn\DMU380\software\RtosSalvo\Inc\salvomcg.h
F:\memsic\svn\DMU380\software\RtosSalvo\Inc\salvomem.h
F:\memsic\svn\DMU380\software\RtosSalvo\Inc\salvompt.h
F:\memsic\svn\DMU380\software\RtosSalvo\Inc\salvoocp.h
F:\memsic\svn\DMU380\software\RtosSalvo\Inc\salvoprg.h
F:\memsic\svn\DMU380\software\RtosSalvo\Inc\salvopsh.h
F:\memsic\svn\DMU380\software\RtosSalvo\Inc\salvoscb.h
F:\memsic\svn\DMU380\software\RtosSalvo\Inc\salvoscg.h
F:\memsic\svn\DMU380\software\RtosSalvo\Inc\salvostr.h
F:\memsic\svn\DMU380\software\RtosSalvo\Inc\salvotyp.h
F:\memsic\svn\DMU380\software\RtosSalvo\Inc\salvover.h
F:\memsic\svn\DMU380\software\RtosSalvo\Inc\salvowar.h
F:\memsic\svn\DMU380\software\RtosSalvo\Inc
F:\memsic\svn\DMU380\software\RtosSalvo\Src
F:\memsic\svn\DMU380\software\RtosSalvo\Src\salvomem.c
F:\memsic\svn\DMU380\software\RtosSalvo\Src
F:\memsic\svn\DMU380\software\RtosSalvo\Doc
F:\memsic\svn\DMU380\software\RtosSalvo\Doc\SalvoUserManual.pdf
F:\memsic\svn\DMU380\software\RtosSalvo\Doc\newforSalvo4.txt
F:\memsic\svn\DMU380\software\RtosSalvo\Doc
F:\memsic\svn\DMU380\software\RtosSalvo\Src
F:\memsic\svn\DMU380\software\RtosSalvo\Src\salvoarray.c
F:\memsic\svn\DMU380\software\RtosSalvo\Src\salvobinsem.c
F:\memsic\svn\DMU380\software\RtosSalvo\Src\salvobinsem2.c
F:\memsic\svn\DMU380\software\RtosSalvo\Src\salvochk.c
F:\memsic\svn\DMU380\software\RtosSalvo\Src\salvocyclic.c
F:\memsic\svn\DMU380\software\RtosSalvo\Src\salvocyclic2.c
F:\memsic\svn\DMU380\software\RtosSalvo\Src\salvocyclic3.c
F:\memsic\svn\DMU380\software\RtosSalvo\Src\salvocyclic4.c
F:\memsic\svn\DMU380\software\RtosSalvo\Src\salvocyclic5.c
F:\memsic\svn\DMU380\software\RtosSalvo\Src\salvocyclic6.c
F:\memsic\svn\DMU380\software\RtosSalvo\Src\salvocyclic7.c
F:\memsic\svn\DMU380\software\RtosSalvo\Src\salvodebug.c
F:\memsic\svn\DMU380\software\RtosSalvo\Src\salvodelay.c
F:\memsic\svn\DMU380\software\RtosSalvo\Src\salvodelay2.c
F:\memsic\svn\DMU380\software\RtosSalvo\Src\salvodelay3.c
F:\memsic\svn\DMU380\software\RtosSalvo\Src\salvodestroy.c
F:\memsic\svn\DMU380\software\RtosSalvo\Src\salvoeflag.c
F:\memsic\svn\DMU380\software\RtosSalvo\Src\salvoeflag2.c
F:\memsic\svn\DMU380\software\RtosSalvo\Src\salvoeid.c
F:\memsic\svn\DMU380\software\RtosSalvo\Src\salvoevent.c
F:\memsic\svn\DMU380\software\RtosSalvo\Src\salvohook_idle.c
F:\memsic\svn\DMU380\software\RtosSalvo\Src\salvohook_interrupt.c
F:\memsic\svn\DMU380\software\RtosSalvo\Src\salvohook_wdt.c
F:\memsic\svn\DMU380\software\RtosSalvo\Src\salvoinit.c
F:\memsic\svn\DMU380\software\RtosSalvo\Src\salvoinit2.c
F:\memsic\svn\DMU380\software\RtosSalvo\Src\salvoinit3.c
F:\memsic\svn\DMU380\software\RtosSalvo\Src\salvoinit4.c
F:\memsic\svn\DMU380\software\RtosSalvo\Src\salvolicense.c
F:\memsic\svn\DMU380\software\RtosSalvo\Src\salvomsg.c
F:\memsic\svn\DMU380\software\RtosSalvo\Src\salvomsg2.c
F:\memsic\svn\DMU380\software\RtosSalvo\Src\salvomsgq.c
F:\memsic\svn\DMU380\software\RtosSalvo\Src\salvomsgq2.c
F:\memsic\svn\DMU380\software\RtosSalvo\Src\salvomsgq3.c
F:\memsic\svn\DMU380\software\RtosSalvo\Src\salvomsgq4.c
F:\memsic\svn\DMU380\software\RtosSalvo\Src\salvoprio.c
F:\memsic\svn\DMU380\software\RtosSalvo\Src\salvoprio2.c
F:\memsic\svn\DMU380\software\RtosSalvo\Src\salvoqdel.c
F:\memsic\svn\DMU380\software\RtosSalvo\Src\salvoqins.c
F:\memsic\svn\DMU380\software\RtosSalvo\Src\salvorpt.c
F:\memsic\svn\DMU380\software\RtosSalvo\Src\salvosched.c
F:\memsic\svn\DMU380\software\RtosSalvo\Src\salvosem.c
F:\memsic\svn\DMU380\software\RtosSalvo\Src\salvosem2.c
F:\memsic\svn\DMU380\software\RtosSalvo\Src\salvostop.c
F:\memsic\svn\DMU380\software\RtosSalvo\Src\salvotask.c
F:\memsic\svn\DMU380\software\RtosSalvo\Src\salvotask2.c
F:\memsic\svn\DMU380\software\RtosSalvo\Src\salvotask3.c
F:\memsic\svn\DMU380\software\RtosSalvo\Src\salvotask4.c
F:\memsic\svn\DMU380\software\RtosSalvo\Src\salvotask5.c
F:\memsic\svn\DMU380\software\RtosSalvo\Src\salvotask6.c
F:\memsic\svn\DMU380\software\RtosSalvo\Src\salvotask7.c
F:\memsic\svn\DMU380\software\RtosSalvo\Src\salvotask8.c
F:\memsic\svn\DMU380\software\RtosSalvo\Src\salvotick.c
F:\memsic\svn\DMU380\software\RtosSalvo\Src\salvotid.c
F:\memsic\svn\DMU380\software\RtosSalvo\Src\salvotimer.c
F:\memsic\svn\DMU380\software\RtosSalvo\Src\salvoutil.c
F:\memsic\svn\DMU380\software\RtosSalvo\Src\salvoversion.c
F:\memsic\svn\DMU380\software\RtosSalvo\Src
F:\memsic\svn\DMU380\software\RtosSalvo\Src
F:\memsic\svn\DMU380\software\RtosSalvo\Src\Makefile
F:\memsic\svn\DMU380\software\RtosSalvo\Src\Makefile2
F:\memsic\svn\DMU380\software\RtosSalvo\Src\salvotargets.mk
F:\memsic\svn\DMU380\software\RtosSalvo\Src
